SF:/Users/mike/projects/csharp-sdk/src/Smplkit/ApiKeyResolver.cs
FN:18,System.String Smplkit.ApiKeyResolver::Resolve(System.String)
FNDA:121,System.String Smplkit.ApiKeyResolver::Resolve(System.String)
DA:19,121
DA:20,121
DA:21,121
DA:22,121
DA:23,121
DA:24,121
DA:25,121
DA:26,119
FN:28,System.String Smplkit.ApiKeyResolver::Resolve(System.String,System.String,System.String)
FNDA:136,System.String Smplkit.ApiKeyResolver::Resolve(System.String,System.String,System.String)
DA:29,136
DA:30,136
DA:31,126
FN:33,System.String Smplkit.ApiKeyResolver::Resolve(System.String,System.String,System.String,System.Func`2<System.String,System.String>)
FNDA:137,System.String Smplkit.ApiKeyResolver::Resolve(System.String,System.String,System.String,System.Func`2<System.String,System.String>)
DA:34,137
DA:35,137
DA:36,120
DA:38,17
DA:39,3
DA:41,14
DA:42,10
DA:44,10
DA:45,10
DA:46,9
DA:47,3
DA:48,6
DA:49,1
DA:50,1
DA:52,1
DA:53,7
DA:55,11
DA:56,126
BRDA:35,12,0,120
BRDA:35,12,1,17
BRDA:38,29,0,3
BRDA:38,29,1,14
BRDA:41,43,0,10
BRDA:46,70,0,3
BRDA:46,70,1,6
BRDA:41,43,1,11
FN:58,System.String Smplkit.ApiKeyResolver::ParseIniApiKey(System.String)
FNDA:9,System.String Smplkit.ApiKeyResolver::ParseIniApiKey(System.String)
DA:59,9
DA:60,9
DA:61,72
DA:62,24
DA:63,24
DA:64,24
DA:65,7
DA:66,17
DA:67,8
DA:68,8
DA:69,8
DA:71,9
DA:72,5
DA:73,5
DA:74,5
DA:75,4
DA:76,4
DA:77,4
DA:78,3
DA:79,1
DA:80,2
DA:81,6
DA:82,6
DA:83,9
BRDA:61,218,1,24
BRDA:64,41,0,19
BRDA:64,41,1,5
BRDA:64,59,1,17
BRDA:66,79,0,8
BRDA:66,79,1,9
BRDA:71,99,0,7
BRDA:71,99,1,2
BRDA:71,120,0,5
BRDA:74,146,0,4
BRDA:77,199,0,3
BRDA:77,199,1,1
BRDA:74,146,1,2
BRDA:71,120,1,6
BRDA:64,59,0,21
BRDA:61,218,0,6
LF:53
LH:53
BRF:24
BRH:24
FNF:4
FNH:4
end_of_record
SF:/Users/mike/projects/csharp-sdk/src/Smplkit/SmplClient.cs
FN:26,Smplkit.Config.ConfigClient Smplkit.SmplClient::get_Config()
FNDA:114,Smplkit.Config.ConfigClient Smplkit.SmplClient::get_Config()
DA:27,114
FN:84,System.Void Smplkit.SmplClient::Dispose()
FNDA:11,System.Void Smplkit.SmplClient::Dispose()
DA:85,11
DA:86,11
DA:87,8
DA:88,11
BRDA:86,9,0,8
BRDA:86,9,1,11
FN:34,System.Void Smplkit.SmplClient::.ctor()
FNDA:1,System.Void Smplkit.SmplClient::.ctor()
DA:35,1
DA:36,1
DA:37,1
FN:44,System.Void Smplkit.SmplClient::.ctor(Smplkit.SmplClientOptions)
FNDA:9,System.Void Smplkit.SmplClient::.ctor(Smplkit.SmplClientOptions)
DA:45,9
DA:46,6
DA:47,6
FN:56,System.Void Smplkit.SmplClient::.ctor(Smplkit.SmplClientOptions,System.Net.Http.HttpClient)
FNDA:114,System.Void Smplkit.SmplClient::.ctor(Smplkit.SmplClientOptions,System.Net.Http.HttpClient)
DA:57,114
DA:58,112
DA:59,112
FN:60,System.Void Smplkit.SmplClient::.ctor(Smplkit.SmplClientOptions,System.Net.Http.HttpClient,System.Boolean)
FNDA:124,System.Void Smplkit.SmplClient::.ctor(Smplkit.SmplClientOptions,System.Net.Http.HttpClient,System.Boolean)
DA:61,124
DA:62,124
DA:63,124
DA:64,122
DA:66,121
DA:68,119
DA:69,119
DA:72,119
DA:73,119
DA:74,119
DA:75,119
DA:76,119
DA:77,119
DA:78,119
DA:79,119
LF:29
LH:29
BRF:2
BRH:2
FNF:6
FNH:6
end_of_record
SF:/Users/mike/projects/csharp-sdk/src/Smplkit/SmplClientOptions.cs
FN:12,System.String Smplkit.SmplClientOptions::get_ApiKey()
FNDA:618,System.String Smplkit.SmplClientOptions::get_ApiKey()
DA:13,618
FN:18,System.TimeSpan Smplkit.SmplClientOptions::get_Timeout()
FNDA:802,System.TimeSpan Smplkit.SmplClientOptions::get_Timeout()
DA:19,802
LF:2
LH:2
BRF:0
BRH:0
FNF:2
FNH:2
end_of_record
SF:/Users/mike/projects/csharp-sdk/src/Smplkit/Internal/Auth.cs
FN:13,System.Void Smplkit.Internal.Auth::ApplyBearerToken(System.Net.Http.HttpClient,System.String)
FNDA:189,System.Void Smplkit.Internal.Auth::ApplyBearerToken(System.Net.Http.HttpClient,System.String)
DA:14,189
DA:15,189
DA:16,189
DA:17,189
LF:4
LH:4
BRF:0
BRH:0
FNF:1
FNH:1
end_of_record
SF:/Users/mike/projects/csharp-sdk/src/Smplkit/Internal/Transport.cs
FN:23,System.Void Smplkit.Internal.Transport::.ctor(System.Net.Http.HttpClient,Smplkit.SmplClientOptions)
FNDA:186,System.Void Smplkit.Internal.Transport::.ctor(System.Net.Http.HttpClient,Smplkit.SmplClientOptions)
DA:24,186
DA:25,186
DA:26,186
DA:28,186
DA:29,186
DA:30,186
DA:31,186
DA:32,186
FN:196,System.Void Smplkit.Internal.Transport::.cctor()
FNDA:1,System.Void Smplkit.Internal.Transport::.cctor()
DA:197,1
DA:198,1
DA:199,1
DA:200,1
DA:201,1
DA:202,1
FN:138,System.Void Smplkit.Internal.Transport/<DeleteAsync>d__7::MoveNext()
FNDA:25,System.Void Smplkit.Internal.Transport/<DeleteAsync>d__7::MoveNext()
DA:139,25
DA:141,25
DA:142,25
DA:143,17
DA:144,3
DA:145,14
DA:146,3
DA:147,11
DA:148,11
DA:149,11
DA:151,5
DA:152,3
DA:153,3
DA:155,2
DA:156,2
DA:157,2
DA:159,3
DA:160,3
DA:161,3
DA:163,6
BRDA:143,209,0,3
BRDA:143,209,1,14
FN:40,System.Void Smplkit.Internal.Transport/<GetAsync>d__4::MoveNext()
FNDA:101,System.Void Smplkit.Internal.Transport/<GetAsync>d__4::MoveNext()
DA:41,101
DA:43,101
DA:44,101
DA:45,85
DA:47,18
DA:48,18
DA:49,18
DA:51,12
DA:52,4
DA:53,4
DA:55,8
DA:56,8
DA:57,8
DA:59,4
DA:60,4
DA:61,4
DA:63,67
FN:170,System.Void Smplkit.Internal.Transport/<HandleResponseAsync>d__8::MoveNext()
FNDA:163,System.Void Smplkit.Internal.Transport/<HandleResponseAsync>d__8::MoveNext()
DA:171,163
DA:172,163
DA:174,163
DA:175,113
DA:177,50
DA:178,50
DA:181,15
DA:183,10
DA:185,9
DA:187,16
DA:188,16
DA:189,16
DA:190,16
DA:192,113
BRDA:174,176,0,113
BRDA:174,176,1,50
BRDA:178,238,0,35
BRDA:178,249,0,25
BRDA:178,238,1,15
BRDA:178,249,1,10
BRDA:178,260,1,9
BRDA:178,260,0,16
FN:72,System.Void Smplkit.Internal.Transport/<PostAsync>d__5::MoveNext()
FNDA:30,System.Void Smplkit.Internal.Transport/<PostAsync>d__5::MoveNext()
DA:73,30
DA:74,30
DA:75,30
DA:77,30
DA:78,30
DA:79,21
DA:81,9
DA:82,9
DA:83,9
DA:85,6
DA:86,3
DA:87,3
DA:89,3
DA:90,3
DA:91,3
DA:93,3
DA:94,3
DA:95,3
DA:97,12
FN:106,System.Void Smplkit.Internal.Transport/<PutAsync>d__6::MoveNext()
FNDA:52,System.Void Smplkit.Internal.Transport/<PutAsync>d__6::MoveNext()
DA:107,52
DA:108,52
DA:109,52
DA:111,52
DA:112,52
DA:113,43
DA:115,12
DA:116,12
DA:117,12
DA:119,6
DA:120,3
DA:121,3
DA:123,3
DA:124,3
DA:125,3
DA:127,3
DA:128,3
DA:129,3
DA:131,31
LF:103
LH:103
BRF:10
BRH:10
FNF:7
FNH:7
end_of_record
SF:/Users/mike/projects/csharp-sdk/src/Smplkit/Errors/SmplConflictException.cs
FN:14,System.Void Smplkit.Errors.SmplConflictException::.ctor(System.String,System.String)
FNDA:15,System.Void Smplkit.Errors.SmplConflictException::.ctor(System.String,System.String)
DA:15,15
DA:16,15
DA:17,15
LF:3
LH:3
BRF:0
BRH:0
FNF:1
FNH:1
end_of_record
SF:/Users/mike/projects/csharp-sdk/src/Smplkit/Errors/SmplConnectionException.cs
FN:13,System.Void Smplkit.Errors.SmplConnectionException::.ctor(System.String,System.Exception)
FNDA:20,System.Void Smplkit.Errors.SmplConnectionException::.ctor(System.String,System.Exception)
DA:14,20
DA:15,20
DA:16,20
LF:3
LH:3
BRF:0
BRH:0
FNF:1
FNH:1
end_of_record
SF:/Users/mike/projects/csharp-sdk/src/Smplkit/Errors/SmplException.cs
FN:10,System.Nullable`1<System.Int32> Smplkit.Errors.SmplException::get_StatusCode()
FNDA:55,System.Nullable`1<System.Int32> Smplkit.Errors.SmplException::get_StatusCode()
DA:11,55
FN:15,System.String Smplkit.Errors.SmplException::get_ResponseBody()
FNDA:28,System.String Smplkit.Errors.SmplException::get_ResponseBody()
DA:16,28
FN:29,System.Void Smplkit.Errors.SmplException::.ctor(System.String,System.Nullable`1<System.Int32>,System.String,System.Exception)
FNDA:132,System.Void Smplkit.Errors.SmplException::.ctor(System.String,System.Nullable`1<System.Int32>,System.String,System.Exception)
DA:30,132
DA:31,132
DA:32,132
DA:33,132
DA:34,132
LF:7
LH:7
BRF:0
BRH:0
FNF:3
FNH:3
end_of_record
SF:/Users/mike/projects/csharp-sdk/src/Smplkit/Errors/SmplNotFoundException.cs
FN:13,System.Void Smplkit.Errors.SmplNotFoundException::.ctor(System.String,System.String)
FNDA:26,System.Void Smplkit.Errors.SmplNotFoundException::.ctor(System.String,System.String)
DA:14,26
DA:15,26
DA:16,26
LF:3
LH:3
BRF:0
BRH:0
FNF:1
FNH:1
end_of_record
SF:/Users/mike/projects/csharp-sdk/src/Smplkit/Errors/SmplTimeoutException.cs
FN:13,System.Void Smplkit.Errors.SmplTimeoutException::.ctor(System.String,System.Exception)
FNDA:21,System.Void Smplkit.Errors.SmplTimeoutException::.ctor(System.String,System.Exception)
DA:14,21
DA:15,21
DA:16,21
LF:3
LH:3
BRF:0
BRH:0
FNF:1
FNH:1
end_of_record
SF:/Users/mike/projects/csharp-sdk/src/Smplkit/Errors/SmplValidationException.cs
FN:13,System.Void Smplkit.Errors.SmplValidationException::.ctor(System.String,System.String)
FNDA:18,System.Void Smplkit.Errors.SmplValidationException::.ctor(System.String,System.String)
DA:14,18
DA:15,18
DA:16,18
LF:3
LH:3
BRF:0
BRH:0
FNF:1
FNH:1
end_of_record
SF:/Users/mike/projects/csharp-sdk/src/Smplkit/Config/ConfigClient.cs
FN:299,System.Collections.Generic.Dictionary`2<System.String,System.Object> Smplkit.Config.ConfigClient::BuildEnvsForRequest(System.Collections.Generic.Dictionary`2<System.String,System.Collections.Generic.Dictionary`2<System.String,System.Object>>)
FNDA:25,System.Collections.Generic.Dictionary`2<System.String,System.Object> Smplkit.Config.ConfigClient::BuildEnvsForRequest(System.Collections.Generic.Dictionary`2<System.String,System.Collections.Generic.Dictionary`2<System.String,System.Object>>)
DA:300,25
DA:301,25
DA:302,99
DA:303,12
DA:304,25
DA:305,25
BRDA:302,66,1,12
BRDA:302,66,0,25
FN:311,System.Collections.Generic.Dictionary`2<System.String,System.Object> Smplkit.Config.ConfigClient::WrapItemsForRequest(System.Collections.Generic.Dictionary`2<System.String,System.Object>)
FNDA:51,System.Collections.Generic.Dictionary`2<System.String,System.Object> Smplkit.Config.ConfigClient::WrapItemsForRequest(System.Collections.Generic.Dictionary`2<System.String,System.Object>)
DA:312,51
DA:313,74
DA:315,28
DA:316,150
DA:317,33
DA:318,33
DA:319,33
DA:320,33
DA:321,33
DA:322,33
DA:323,33
DA:324,28
DA:325,51
BRDA:313,7,0,23
BRDA:313,7,1,28
BRDA:316,123,1,33
BRDA:316,123,0,28
FN:331,System.Collections.Generic.Dictionary`2<System.String,System.Object> Smplkit.Config.ConfigClient::WrapEnvsForRequest(System.Collections.Generic.Dictionary`2<System.String,System.Object>)
FNDA:51,System.Collections.Generic.Dictionary`2<System.String,System.Object> Smplkit.Config.ConfigClient::WrapEnvsForRequest(System.Collections.Generic.Dictionary`2<System.String,System.Object>)
DA:332,51
DA:333,74
DA:335,28
DA:336,122
DA:337,19
DA:338,19
DA:339,18
DA:340,18
DA:341,100
DA:342,23
DA:343,23
DA:344,23
DA:345,18
DA:346,18
DA:348,1
DA:349,1
DA:350,1
DA:351,19
DA:352,28
DA:353,51
BRDA:333,7,0,23
BRDA:333,7,1,28
BRDA:336,259,1,19
BRDA:338,89,0,18
BRDA:341,188,1,23
BRDA:341,188,0,18
BRDA:338,89,1,1
BRDA:336,259,0,28
FN:355,System.String Smplkit.Config.ConfigClient::InferType(System.Object)
FNDA:33,System.String Smplkit.Config.ConfigClient::InferType(System.Object)
DA:356,33
DA:357,33
DA:358,6
DA:359,2
DA:360,23
DA:361,2
DA:362,33
BRDA:356,10,0,27
BRDA:356,18,0,25
BRDA:356,26,0,20
BRDA:356,34,0,2
BRDA:356,42,0,2
BRDA:356,50,0,2
BRDA:356,10,1,6
BRDA:356,18,1,2
BRDA:356,26,1,23
BRDA:356,34,1,23
BRDA:356,42,1,23
BRDA:356,50,1,23
BRDA:356,58,1,23
BRDA:356,58,0,2
FN:364,Smplkit.Config.JsonApiRequestBody Smplkit.Config.ConfigClient::BuildRequestBody(Smplkit.Config.CreateConfigOptions)
FNDA:51,Smplkit.Config.JsonApiRequestBody Smplkit.Config.ConfigClient::BuildRequestBody(Smplkit.Config.CreateConfigOptions)
DA:365,51
DA:366,51
DA:367,51
DA:368,51
DA:369,51
DA:370,51
DA:371,51
DA:372,51
DA:373,51
DA:374,51
DA:375,51
DA:376,51
DA:377,51
DA:378,51
DA:379,51
DA:380,51
FN:386,Smplkit.Config.Config Smplkit.Config.ConfigClient::MapResource(Smplkit.Config.JsonApiResource)
FNDA:95,Smplkit.Config.Config Smplkit.Config.ConfigClient::MapResource(Smplkit.Config.JsonApiResource)
DA:387,95
DA:388,95
DA:389,8
DA:391,87
DA:394,87
DA:397,87
DA:399,87
DA:400,87
DA:401,87
DA:402,87
DA:403,87
DA:404,87
DA:405,87
DA:406,87
DA:407,87
DA:408,87
DA:409,87
DA:410,95
BRDA:388,2,0,3
BRDA:388,2,1,92
BRDA:388,18,0,8
BRDA:388,18,1,87
BRDA:399,63,0,1
BRDA:399,63,1,87
BRDA:399,78,0,1
BRDA:399,78,1,87
BRDA:399,93,0,1
BRDA:399,93,1,87
FN:418,System.Collections.Generic.Dictionary`2<System.String,System.Object> Smplkit.Config.ConfigClient::ExtractRawItems(System.Collections.Generic.Dictionary`2<System.String,System.Collections.Generic.Dictionary`2<System.String,System.Object>>)
FNDA:87,System.Collections.Generic.Dictionary`2<System.String,System.Object> Smplkit.Config.ConfigClient::ExtractRawItems(System.Collections.Generic.Dictionary`2<System.String,System.Collections.Generic.Dictionary`2<System.String,System.Object>>)
DA:419,87
DA:420,87
DA:421,2
DA:423,85
DA:424,411
DA:425,78
DA:426,78
DA:427,78
DA:428,78
DA:429,85
DA:430,87
BRDA:420,7,0,2
BRDA:420,7,1,85
BRDA:424,116,1,78
BRDA:427,95,0,0
BRDA:427,95,1,78
BRDA:424,116,0,85
FN:438,System.Collections.Generic.Dictionary`2<System.String,System.Collections.Generic.Dictionary`2<System.String,System.Object>> Smplkit.Config.ConfigClient::ExtractRawEnvironments(System.Collections.Generic.Dictionary`2<System.String,System.Collections.Generic.Dictionary`2<System.String,System.Object>>)
FNDA:87,System.Collections.Generic.Dictionary`2<System.String,System.Collections.Generic.Dictionary`2<System.String,System.Object>> Smplkit.Config.ConfigClient::ExtractRawEnvironments(System.Collections.Generic.Dictionary`2<System.String,System.Collections.Generic.Dictionary`2<System.String,System.Object>>)
DA:439,87
DA:440,87
DA:441,1
DA:443,86
DA:444,290
DA:445,16
DA:446,16
DA:447,16
DA:451,16
DA:452,16
DA:453,13
DA:454,67
DA:455,14
DA:456,14
DA:457,14
DA:458,13
DA:459,13
DA:460,13
DA:462,1
DA:463,1
DA:464,1
DA:465,14
DA:466,13
DA:468,16
DA:469,16
DA:470,86
DA:471,87
BRDA:440,7,0,1
BRDA:440,7,1,86
BRDA:444,289,1,16
BRDA:451,105,0,13
BRDA:451,105,1,3
BRDA:451,128,0,13
BRDA:454,250,1,14
BRDA:456,187,0,13
BRDA:456,187,1,1
BRDA:456,210,0,13
BRDA:456,210,1,1
BRDA:454,250,0,13
BRDA:451,128,1,16
BRDA:444,289,0,86
FN:23,System.Void Smplkit.Config.ConfigClient::.ctor(Smplkit.Internal.Transport,System.String)
FNDA:119,System.Void Smplkit.Config.ConfigClient::.ctor(Smplkit.Internal.Transport,System.String)
DA:24,119
DA:25,119
DA:26,119
DA:27,119
DA:28,119
FN:227,System.Void Smplkit.Config.ConfigClient/<>c__DisplayClass12_0/<<ConnectAsync>b__0>d::MoveNext()
FNDA:2,System.Void Smplkit.Config.ConfigClient/<>c__DisplayClass12_0/<<ConnectAsync>b__0>d::MoveNext()
DA:228,2
DA:229,2
DA:230,2
DA:231,9
FN:247,System.Void Smplkit.Config.ConfigClient/<ApplySetValues>d__13::MoveNext()
FNDA:25,System.Void Smplkit.Config.ConfigClient/<ApplySetValues>d__13::MoveNext()
DA:248,25
DA:252,25
DA:253,12
DA:254,12
DA:255,12
DA:256,12
DA:258,13
DA:259,13
DA:260,13
DA:261,13
DA:262,13
DA:263,13
DA:265,25
DA:266,25
DA:267,25
DA:268,25
DA:269,25
DA:270,25
DA:271,25
DA:272,25
DA:273,25
DA:274,23
BRDA:252,29,0,12
BRDA:252,29,1,13
FN:279,System.Void Smplkit.Config.ConfigClient/<BuildChainAsync>d__14::MoveNext()
FNDA:16,System.Void Smplkit.Config.ConfigClient/<BuildChainAsync>d__14::MoveNext()
DA:280,16
DA:281,16
DA:282,10
DA:284,10
DA:285,14
DA:286,5
DA:287,5
DA:288,4
DA:289,4
DA:290,4
DA:292,9
DA:293,9
BRDA:285,439,1,5
BRDA:285,439,0,9
FN:212,System.Void Smplkit.Config.ConfigClient/<ConnectAsync>d__12::MoveNext()
FNDA:14,System.Void Smplkit.Config.ConfigClient/<ConnectAsync>d__12::MoveNext()
DA:213,14
DA:214,14
DA:215,14
DA:218,14
DA:219,14
DA:221,7
DA:222,7
DA:223,7
DA:224,7
DA:225,7
DA:226,7
DA:227,7
DA:233,4
DA:234,2
DA:235,2
DA:237,7
FN:96,System.Void Smplkit.Config.ConfigClient/<CreateAsync>d__7::MoveNext()
FNDA:14,System.Void Smplkit.Config.ConfigClient/<CreateAsync>d__7::MoveNext()
DA:97,14
DA:98,14
DA:99,14
DA:100,8
DA:101,8
DA:102,8
DA:103,6
BRDA:101,218,0,0
BRDA:101,218,1,8
BRDA:101,235,0,2
BRDA:101,235,1,6
FN:130,System.Void Smplkit.Config.ConfigClient/<DeleteAsync>d__9::MoveNext()
FNDA:11,System.Void Smplkit.Config.ConfigClient/<DeleteAsync>d__9::MoveNext()
DA:131,11
DA:132,11
DA:133,3
FN:37,System.Void Smplkit.Config.ConfigClient/<GetAsync>d__4::MoveNext()
FNDA:66,System.Void Smplkit.Config.ConfigClient/<GetAsync>d__4::MoveNext()
DA:38,66
DA:39,66
DA:40,50
DA:41,50
DA:42,50
DA:43,48
BRDA:41,206,0,0
BRDA:41,206,1,50
BRDA:41,223,0,2
BRDA:41,223,1,48
FN:53,System.Void Smplkit.Config.ConfigClient/<GetByKeyAsync>d__5::MoveNext()
FNDA:7,System.Void Smplkit.Config.ConfigClient/<GetByKeyAsync>d__5::MoveNext()
DA:54,7
DA:55,7
DA:56,7
DA:57,6
DA:59,6
DA:60,3
DA:62,3
DA:63,3
DA:64,2
BRDA:59,223,0,0
BRDA:59,223,1,6
BRDA:59,234,0,5
BRDA:59,234,1,1
BRDA:59,262,0,3
BRDA:59,262,1,3
BRDA:62,315,0,1
BRDA:62,315,1,2
FN:71,System.Void Smplkit.Config.ConfigClient/<ListAsync>d__6::MoveNext()
FNDA:7,System.Void Smplkit.Config.ConfigClient/<ListAsync>d__6::MoveNext()
DA:72,7
DA:73,7
DA:74,6
DA:76,6
DA:77,1
DA:79,5
DA:80,27
DA:81,6
DA:82,6
DA:83,6
DA:84,5
DA:85,6
DA:86,5
DA:87,6
BRDA:76,195,0,0
BRDA:76,195,1,6
BRDA:76,213,0,1
BRDA:76,213,1,5
BRDA:80,372,1,6
BRDA:83,326,0,5
BRDA:83,326,1,6
BRDA:80,372,0,5
FN:170,System.Void Smplkit.Config.ConfigClient/<SetValueAsync>d__11::MoveNext()
FNDA:13,System.Void Smplkit.Config.ConfigClient/<SetValueAsync>d__11::MoveNext()
DA:171,13
DA:172,13
DA:174,12
DA:175,5
DA:176,5
DA:177,5
DA:180,7
DA:183,7
DA:184,5
DA:185,5
DA:186,5
DA:188,2
DA:189,2
DA:190,2
DA:191,7
DA:192,7
DA:194,11
BRDA:174,200,0,5
BRDA:174,200,1,7
BRDA:183,434,0,5
BRDA:183,434,1,2
FN:149,System.Void Smplkit.Config.ConfigClient/<SetValuesAsync>d__10::MoveNext()
FNDA:14,System.Void Smplkit.Config.ConfigClient/<SetValuesAsync>d__10::MoveNext()
DA:150,14
DA:151,14
DA:152,13
DA:153,12
FN:114,System.Void Smplkit.Config.ConfigClient/<UpdateAsync>d__8::MoveNext()
FNDA:37,System.Void Smplkit.Config.ConfigClient/<UpdateAsync>d__8::MoveNext()
DA:115,37
DA:116,37
DA:117,37
DA:118,28
DA:119,28
DA:120,28
DA:121,26
BRDA:119,229,0,0
BRDA:119,229,1,28
BRDA:119,246,0,2
BRDA:119,246,1,26
LF:244
LH:244
BRF:94
BRH:88
FNF:21
FNH:21
end_of_record
SF:/Users/mike/projects/csharp-sdk/src/Smplkit/Config/ConfigRuntime.cs
FN:80,System.Object Smplkit.Config.ConfigRuntime::Get(System.String,System.Object)
FNDA:156,System.Object Smplkit.Config.ConfigRuntime::Get(System.String,System.Object)
DA:81,156
DA:82,156
DA:83,156
DA:84,156
BRDA:83,33,0,2
BRDA:83,33,1,154
FN:90,System.String Smplkit.Config.ConfigRuntime::GetString(System.String,System.String)
FNDA:111,System.String Smplkit.Config.ConfigRuntime::GetString(System.String,System.String)
DA:91,111
DA:93,111
DA:94,111
DA:95,111
DA:96,111
BRDA:94,33,0,2
BRDA:94,33,1,109
BRDA:95,62,0,109
BRDA:95,62,1,2
FN:102,System.Nullable`1<System.Int32> Smplkit.Config.ConfigRuntime::GetInt(System.String,System.Nullable`1<System.Int32>)
FNDA:124,System.Nullable`1<System.Int32> Smplkit.Config.ConfigRuntime::GetInt(System.String,System.Nullable`1<System.Int32>)
DA:103,124
DA:105,124
DA:106,124
DA:107,124
DA:108,124
DA:109,102
DA:110,2
DA:111,13
DA:112,5
DA:113,15
DA:114,124
DA:115,124
BRDA:106,33,0,2
BRDA:106,33,1,122
BRDA:107,67,0,102
BRDA:107,67,1,22
BRDA:107,87,0,2
BRDA:107,87,1,20
BRDA:107,107,0,13
BRDA:111,156,0,9
BRDA:111,169,0,8
BRDA:111,182,1,5
BRDA:107,107,1,15
BRDA:111,156,1,15
BRDA:111,169,1,15
BRDA:111,182,0,15
FN:121,System.Nullable`1<System.Boolean> Smplkit.Config.ConfigRuntime::GetBool(System.String,System.Nullable`1<System.Boolean>)
FNDA:109,System.Nullable`1<System.Boolean> Smplkit.Config.ConfigRuntime::GetBool(System.String,System.Nullable`1<System.Boolean>)
DA:122,109
DA:124,109
DA:125,109
DA:126,109
DA:127,109
BRDA:125,33,0,102
BRDA:125,33,1,7
BRDA:126,60,0,2
BRDA:126,60,1,107
FN:130,System.Collections.Generic.Dictionary`2<System.String,System.Object> Smplkit.Config.ConfigRuntime::GetAll()
FNDA:103,System.Collections.Generic.Dictionary`2<System.String,System.Object> Smplkit.Config.ConfigRuntime::GetAll()
DA:131,103
DA:132,103
DA:133,103
DA:134,103
FN:137,System.Boolean Smplkit.Config.ConfigRuntime::Exists(System.String)
FNDA:114,System.Boolean Smplkit.Config.ConfigRuntime::Exists(System.String)
DA:138,114
DA:139,114
DA:140,114
DA:141,114
FN:155,System.Void Smplkit.Config.ConfigRuntime::OnChange(System.Action`1<Smplkit.Config.ConfigChangeEvent>,System.String)
FNDA:28,System.Void Smplkit.Config.ConfigRuntime::OnChange(System.Action`1<Smplkit.Config.ConfigChangeEvent>,System.String)
DA:156,28
DA:157,28
DA:158,28
FN:164,Smplkit.Config.ConfigStats Smplkit.Config.ConfigRuntime::Stats()
FNDA:17,Smplkit.Config.ConfigStats Smplkit.Config.ConfigRuntime::Stats()
DA:165,17
FN:170,System.String Smplkit.Config.ConfigRuntime::ConnectionStatus()
FNDA:23,System.String Smplkit.Config.ConfigRuntime::ConnectionStatus()
DA:171,23
FN:282,System.String Smplkit.Config.ConfigRuntime::BuildWebSocketUrl()
FNDA:21182,System.String Smplkit.Config.ConfigRuntime::BuildWebSocketUrl()
DA:283,21182
DA:285,21182
DA:286,21182
DA:287,21182
DA:288,21182
DA:289,21182
DA:290,21182
DA:291,21182
DA:292,21182
BRDA:285,17,0,0
BRDA:285,35,0,0
BRDA:285,35,1,0
BRDA:285,17,1,21182
FN:366,System.Void Smplkit.Config.ConfigRuntime::HandleConfigChanged(System.Text.Json.JsonElement)
FNDA:24,System.Void Smplkit.Config.ConfigRuntime::HandleConfigChanged(System.Text.Json.JsonElement)
DA:367,24
DA:368,25
DA:369,23
DA:370,24
DA:373,22
DA:374,91
DA:375,23
DA:376,23
DA:377,21
DA:378,21
DA:379,21
DA:381,2
DA:382,23
DA:385,21
DA:387,21
DA:388,3
DA:389,21
DA:391,111
DA:392,24
DA:393,24
DA:394,24
DA:395,24
DA:396,24
DA:397,24
DA:399,24
DA:400,8
DA:401,8
DA:402,8
DA:403,8
DA:405,16
DA:406,16
DA:407,16
DA:408,16
DA:409,24
DA:412,21
DA:413,21
DA:414,21
DA:415,21
DA:417,21
DA:420,21
DA:421,21
DA:422,21
DA:423,21
DA:424,21
DA:426,21
DA:427,24
BRDA:368,22,1,23
BRDA:370,58,1,22
BRDA:374,126,1,23
BRDA:376,110,0,21
BRDA:376,110,1,2
BRDA:374,126,0,22
BRDA:382,153,1,21
BRDA:387,199,0,3
BRDA:387,199,1,21
BRDA:391,416,1,24
BRDA:394,288,0,7
BRDA:394,288,1,17
BRDA:396,321,0,6
BRDA:396,321,1,18
BRDA:399,342,0,9
BRDA:399,342,1,15
BRDA:399,356,0,8
BRDA:399,356,1,16
BRDA:391,416,0,21
BRDA:368,22,0,24
BRDA:370,58,0,24
BRDA:382,153,0,24
FN:429,System.Void Smplkit.Config.ConfigRuntime::HandleConfigDeleted()
FNDA:3,System.Void Smplkit.Config.ConfigRuntime::HandleConfigDeleted()
DA:430,3
DA:431,3
DA:432,3
DA:433,3
FN:460,System.Void Smplkit.Config.ConfigRuntime::FireChangeListeners(System.Collections.Generic.Dictionary`2<System.String,System.Object>,System.Collections.Generic.Dictionary`2<System.String,System.Object>,System.String)
FNDA:47,System.Void Smplkit.Config.ConfigRuntime::FireChangeListeners(System.Collections.Generic.Dictionary`2<System.String,System.Object>,System.Collections.Generic.Dictionary`2<System.String,System.Object>,System.String)
DA:461,47
DA:462,47
DA:463,47
DA:465,367
DA:466,113
DA:467,113
DA:468,113
DA:469,168
DA:471,58
DA:472,244
DA:473,35
DA:474,40
DA:475,88
DA:476,6
DA:477,30
DA:478,58
DA:479,47
BRDA:465,228,1,113
BRDA:467,57,0,10
BRDA:467,57,1,103
BRDA:468,74,0,19
BRDA:468,74,1,94
BRDA:469,95,1,58
BRDA:472,201,1,35
BRDA:474,152,0,11
BRDA:474,152,1,24
BRDA:474,169,1,30
BRDA:474,169,0,93
BRDA:472,201,0,58
BRDA:469,95,0,160
BRDA:465,228,0,47
FN:68,System.Threading.Tasks.Task Smplkit.Config.ConfigRuntime::<.ctor>b__19_0()
FNDA:292,System.Threading.Tasks.Task Smplkit.Config.ConfigRuntime::<.ctor>b__19_0()
DA:69,292
FN:33,System.Void Smplkit.Config.ConfigRuntime::.ctor(System.String,System.String,System.String,System.Collections.Generic.List`1<Smplkit.Config.ConfigChainEntry>,System.String,System.Func`2<System.Threading.CancellationToken,System.Threading.Tasks.Task`1<System.Collections.Generic.List`1<Smplkit.Config.ConfigChainEntry>>>,System.Func`3<System.Uri,System.Threading.CancellationToken,System.Threading.Tasks.Task`1<System.Net.WebSockets.WebSocket>>)
FNDA:146,System.Void Smplkit.Config.ConfigRuntime::.ctor(System.String,System.String,System.String,System.Collections.Generic.List`1<Smplkit.Config.ConfigChainEntry>,System.String,System.Func`2<System.Threading.CancellationToken,System.Threading.Tasks.Task`1<System.Collections.Generic.List`1<Smplkit.Config.ConfigChainEntry>>>,System.Func`3<System.Uri,System.Threading.CancellationToken,System.Threading.Tasks.Task`1<System.Net.WebSockets.WebSocket>>)
DA:34,146
DA:39,146
DA:41,146
DA:44,146
DA:48,146
DA:49,146
DA:50,146
DA:51,146
DA:52,146
DA:53,146
DA:54,146
DA:55,146
DA:56,146
DA:57,146
DA:58,146
DA:59,146
DA:60,146
DA:61,146
DA:62,146
DA:63,146
DA:65,146
DA:66,146
DA:67,146
DA:70,146
BRDA:63,103,0,134
BRDA:63,103,1,146
FN:23,System.Void Smplkit.Config.ConfigRuntime::.cctor()
FNDA:1,System.Void Smplkit.Config.ConfigRuntime::.cctor()
DA:24,1
FN:206,System.Void Smplkit.Config.ConfigRuntime/<CloseAsync>d__30::MoveNext()
FNDA:276,System.Void Smplkit.Config.ConfigRuntime/<CloseAsync>d__30::MoveNext()
DA:207,276
DA:208,276
DA:209,276
DA:210,276
DA:212,276
DA:213,276
DA:214,11
DA:216,11
DA:217,11
DA:218,11
DA:219,10
DA:220,3
DA:221,11
DA:224,276
DA:225,276
DA:226,275
DA:227,3
DA:229,276
DA:230,276
BRDA:213,98,0,15
BRDA:213,98,1,261
BRDA:213,119,0,11
BRDA:213,119,1,416
BRDA:229,430,0,261
BRDA:229,430,1,15
FN:294,System.Void Smplkit.Config.ConfigRuntime/<ConnectAndSubscribeAsync>d__35::MoveNext()
FNDA:21178,System.Void Smplkit.Config.ConfigRuntime/<ConnectAndSubscribeAsync>d__35::MoveNext()
DA:295,21178
DA:296,21178
DA:298,21178
DA:299,21178
DA:300,21178
DA:302,21091
DA:303,21091
DA:304,21091
DA:305,21091
DA:306,21091
DA:307,21091
DA:308,21091
DA:309,21091
DA:310,21091
DA:311,21091
DA:312,21091
DA:315,21091
DA:316,21091
DA:317,11
DA:318,11
DA:319,11
DA:320,3
DA:321,3
DA:322,3
DA:323,3
DA:325,8
DA:327,21088
DA:328,21088
BRDA:298,73,0,97
BRDA:298,73,1,21081
BRDA:316,611,0,11
BRDA:319,675,0,11
BRDA:319,675,1,0
BRDA:319,705,0,3
BRDA:321,740,0,1
BRDA:321,740,1,2
BRDA:319,705,1,8
BRDA:316,611,1,21088
FN:232,System.Void Smplkit.Config.ConfigRuntime/<DisposeAsync>d__31::MoveNext()
FNDA:139,System.Void Smplkit.Config.ConfigRuntime/<DisposeAsync>d__31::MoveNext()
DA:233,139
FN:330,System.Void Smplkit.Config.ConfigRuntime/<ReceiveLoopAsync>d__36::MoveNext()
FNDA:21089,System.Void Smplkit.Config.ConfigRuntime/<ReceiveLoopAsync>d__36::MoveNext()
DA:331,21089
DA:332,21092
DA:333,21090
DA:334,21090
DA:335,42177
DA:337,3
DA:338,4
DA:339,2
DA:341,2
DA:342,1
DA:343,1
DA:344,1
DA:345,2
DA:346,21089
BRDA:332,448,1,21090
BRDA:335,174,1,3
BRDA:338,246,0,1
BRDA:338,246,1,2
BRDA:341,290,0,1
BRDA:341,290,1,1
BRDA:343,337,0,1
BRDA:343,337,1,2
BRDA:332,425,0,21090
BRDA:332,425,1,2
BRDA:335,174,0,21089
BRDA:332,448,0,21089
FN:348,System.Void Smplkit.Config.ConfigRuntime/<ReceiveRawAsync>d__37::MoveNext()
FNDA:42183,System.Void Smplkit.Config.ConfigRuntime/<ReceiveRawAsync>d__37::MoveNext()
DA:349,42183
DA:350,42186
DA:352,42180
DA:353,42180
DA:356,42181
DA:357,42181
DA:358,84347
DA:359,15
DA:360,15
DA:361,15
DA:363,14
DA:364,42183
BRDA:350,29,0,42181
BRDA:350,29,1,2
BRDA:350,58,0,3
BRDA:350,58,1,42180
BRDA:361,336,1,42181
BRDA:358,271,0,42166
BRDA:358,271,1,15
BRDA:361,336,0,14
FN:182,System.Void Smplkit.Config.ConfigRuntime/<RefreshAsync>d__29::MoveNext()
FNDA:21,System.Void Smplkit.Config.ConfigRuntime/<RefreshAsync>d__29::MoveNext()
DA:183,21
DA:184,22
DA:186,20
DA:187,19
DA:188,19
DA:189,19
DA:190,19
DA:193,19
DA:194,19
DA:195,19
DA:196,19
DA:197,19
DA:199,19
DA:200,20
BRDA:184,31,0,1
BRDA:184,31,1,20
FN:435,System.Void Smplkit.Config.ConfigRuntime/<ResyncCacheAsync>d__40::MoveNext()
FNDA:11,System.Void Smplkit.Config.ConfigRuntime/<ResyncCacheAsync>d__40::MoveNext()
DA:436,11
DA:437,13
DA:439,9
DA:440,9
DA:441,7
DA:442,7
DA:443,7
DA:444,7
DA:447,7
DA:448,7
DA:449,7
DA:450,7
DA:451,7
DA:452,7
DA:453,7
DA:454,6
DA:455,11
BRDA:437,31,0,2
BRDA:437,31,1,9
FN:239,System.Void Smplkit.Config.ConfigRuntime/<RunWebSocketAsync>d__32::MoveNext()
FNDA:146,System.Void Smplkit.Config.ConfigRuntime/<RunWebSocketAsync>d__32::MoveNext()
DA:240,146
DA:241,146
DA:242,21239
DA:243,21178
DA:245,21178
DA:246,21178
DA:247,21088
DA:248,21088
DA:249,21088
DA:250,76
DA:251,76
DA:252,76
DA:254,14
DA:255,14
DA:256,14
DA:257,14
DA:258,14
DA:260,14
DA:261,14
DA:262,5
DA:263,9
DA:264,9
DA:265,9
DA:268,5
DA:269,5
DA:270,5
DA:271,21093
DA:272,146
BRDA:242,844,1,21178
BRDA:256,436,0,14
BRDA:256,436,1,0
BRDA:256,458,1,14
BRDA:242,819,0,21179
BRDA:242,819,1,60
BRDA:256,458,0,146
BRDA:242,844,0,146
LF:274
LH:274
BRF:114
BRH:109
FNF:24
FNH:24
end_of_record
SF:/Users/mike/projects/csharp-sdk/src/Smplkit/Config/Models.cs
FN:17,System.String Smplkit.Config.Config::get_Id()
FNDA:56,System.String Smplkit.Config.Config::get_Id()
DA:18,56
FN:18,System.String Smplkit.Config.Config::get_Key()
FNDA:44,System.String Smplkit.Config.Config::get_Key()
DA:19,44
FN:19,System.String Smplkit.Config.Config::get_Name()
FNDA:30,System.String Smplkit.Config.Config::get_Name()
DA:20,30
FN:20,System.String Smplkit.Config.Config::get_Description()
FNDA:31,System.String Smplkit.Config.Config::get_Description()
DA:21,31
FN:21,System.String Smplkit.Config.Config::get_Parent()
FNDA:50,System.String Smplkit.Config.Config::get_Parent()
DA:22,50
FN:22,System.Collections.Generic.Dictionary`2<System.String,System.Object> Smplkit.Config.Config::get_Items()
FNDA:46,System.Collections.Generic.Dictionary`2<System.String,System.Object> Smplkit.Config.Config::get_Items()
DA:23,46
FN:23,System.Collections.Generic.Dictionary`2<System.String,System.Collections.Generic.Dictionary`2<System.String,System.Object>> Smplkit.Config.Config::get_Environments()
FNDA:87,System.Collections.Generic.Dictionary`2<System.String,System.Collections.Generic.Dictionary`2<System.String,System.Object>> Smplkit.Config.Config::get_Environments()
DA:24,87
FN:24,System.Nullable`1<System.DateTime> Smplkit.Config.Config::get_CreatedAt()
FNDA:4,System.Nullable`1<System.DateTime> Smplkit.Config.Config::get_CreatedAt()
DA:25,4
FN:25,System.Nullable`1<System.DateTime> Smplkit.Config.Config::get_UpdatedAt()
FNDA:4,System.Nullable`1<System.DateTime> Smplkit.Config.Config::get_UpdatedAt()
DA:26,4
FN:16,System.Void Smplkit.Config.Config::.ctor(System.String,System.String,System.String,System.String,System.String,System.Collections.Generic.Dictionary`2<System.String,System.Object>,System.Collections.Generic.Dictionary`2<System.String,System.Collections.Generic.Dictionary`2<System.String,System.Object>>,System.Nullable`1<System.DateTime>,System.Nullable`1<System.DateTime>)
FNDA:99,System.Void Smplkit.Config.Config::.ctor(System.String,System.String,System.String,System.String,System.String,System.Collections.Generic.Dictionary`2<System.String,System.Object>,System.Collections.Generic.Dictionary`2<System.String,System.Collections.Generic.Dictionary`2<System.String,System.Object>>,System.Nullable`1<System.DateTime>,System.Nullable`1<System.DateTime>)
DA:17,99
DA:27,99
FN:34,System.String Smplkit.Config.CreateConfigOptions::get_Name()
FNDA:106,System.String Smplkit.Config.CreateConfigOptions::get_Name()
DA:35,106
FN:37,System.String Smplkit.Config.CreateConfigOptions::get_Key()
FNDA:83,System.String Smplkit.Config.CreateConfigOptions::get_Key()
DA:38,83
FN:40,System.String Smplkit.Config.CreateConfigOptions::get_Description()
FNDA:82,System.String Smplkit.Config.CreateConfigOptions::get_Description()
DA:41,82
FN:43,System.String Smplkit.Config.CreateConfigOptions::get_Parent()
FNDA:81,System.String Smplkit.Config.CreateConfigOptions::get_Parent()
DA:44,81
FN:46,System.Collections.Generic.Dictionary`2<System.String,System.Object> Smplkit.Config.CreateConfigOptions::get_Items()
FNDA:82,System.Collections.Generic.Dictionary`2<System.String,System.Object> Smplkit.Config.CreateConfigOptions::get_Items()
DA:47,82
FN:52,System.Collections.Generic.Dictionary`2<System.String,System.Object> Smplkit.Config.CreateConfigOptions::get_Environments()
FNDA:82,System.Collections.Generic.Dictionary`2<System.String,System.Object> Smplkit.Config.CreateConfigOptions::get_Environments()
DA:53,82
FN:63,System.String Smplkit.Config.ConfigChangeEvent::get_Key()
FNDA:21,System.String Smplkit.Config.ConfigChangeEvent::get_Key()
DA:64,21
FN:64,System.Object Smplkit.Config.ConfigChangeEvent::get_OldValue()
FNDA:10,System.Object Smplkit.Config.ConfigChangeEvent::get_OldValue()
DA:65,10
FN:65,System.Object Smplkit.Config.ConfigChangeEvent::get_NewValue()
FNDA:10,System.Object Smplkit.Config.ConfigChangeEvent::get_NewValue()
DA:66,10
FN:66,System.String Smplkit.Config.ConfigChangeEvent::get_Source()
FNDA:11,System.String Smplkit.Config.ConfigChangeEvent::get_Source()
DA:67,11
FN:62,System.Void Smplkit.Config.ConfigChangeEvent::.ctor(System.String,System.Object,System.Object,System.String)
FNDA:60,System.Void Smplkit.Config.ConfigChangeEvent::.ctor(System.String,System.Object,System.Object,System.String)
DA:63,60
DA:68,60
FN:75,System.Int32 Smplkit.Config.ConfigStats::get_FetchCount()
FNDA:17,System.Int32 Smplkit.Config.ConfigStats::get_FetchCount()
DA:76,17
FN:76,System.String Smplkit.Config.ConfigStats::get_LastFetchAt()
FNDA:11,System.String Smplkit.Config.ConfigStats::get_LastFetchAt()
DA:77,11
FN:74,System.Void Smplkit.Config.ConfigStats::.ctor(System.Int32,System.String)
FNDA:19,System.Void Smplkit.Config.ConfigStats::.ctor(System.Int32,System.String)
DA:75,19
DA:78,19
FN:86,Smplkit.Config.JsonApiResource Smplkit.Config.JsonApiSingleResponse::get_Data()
FNDA:172,Smplkit.Config.JsonApiResource Smplkit.Config.JsonApiSingleResponse::get_Data()
DA:87,172
FN:96,System.Collections.Generic.List`1<Smplkit.Config.JsonApiResource> Smplkit.Config.JsonApiListResponse::get_Data()
FNDA:42,System.Collections.Generic.List`1<Smplkit.Config.JsonApiResource> Smplkit.Config.JsonApiListResponse::get_Data()
DA:97,42
FN:106,System.String Smplkit.Config.JsonApiResource::get_Id()
FNDA:179,System.String Smplkit.Config.JsonApiResource::get_Id()
DA:107,179
FN:110,System.String Smplkit.Config.JsonApiResource::get_Type()
FNDA:92,System.String Smplkit.Config.JsonApiResource::get_Type()
DA:111,92
FN:114,Smplkit.Config.JsonApiConfigAttributes Smplkit.Config.JsonApiResource::get_Attributes()
FNDA:271,Smplkit.Config.JsonApiConfigAttributes Smplkit.Config.JsonApiResource::get_Attributes()
DA:115,271
FN:124,System.String Smplkit.Config.JsonApiConfigAttributes::get_Key()
FNDA:174,System.String Smplkit.Config.JsonApiConfigAttributes::get_Key()
DA:125,174
FN:128,System.String Smplkit.Config.JsonApiConfigAttributes::get_Name()
FNDA:174,System.String Smplkit.Config.JsonApiConfigAttributes::get_Name()
DA:129,174
FN:132,System.String Smplkit.Config.JsonApiConfigAttributes::get_Description()
FNDA:174,System.String Smplkit.Config.JsonApiConfigAttributes::get_Description()
DA:133,174
FN:136,System.String Smplkit.Config.JsonApiConfigAttributes::get_Parent()
FNDA:174,System.String Smplkit.Config.JsonApiConfigAttributes::get_Parent()
DA:137,174
FN:140,System.Collections.Generic.Dictionary`2<System.String,System.Collections.Generic.Dictionary`2<System.String,System.Object>> Smplkit.Config.JsonApiConfigAttributes::get_Items()
FNDA:173,System.Collections.Generic.Dictionary`2<System.String,System.Collections.Generic.Dictionary`2<System.String,System.Object>> Smplkit.Config.JsonApiConfigAttributes::get_Items()
DA:141,173
FN:144,System.Collections.Generic.Dictionary`2<System.String,System.Collections.Generic.Dictionary`2<System.String,System.Object>> Smplkit.Config.JsonApiConfigAttributes::get_Environments()
FNDA:174,System.Collections.Generic.Dictionary`2<System.String,System.Collections.Generic.Dictionary`2<System.String,System.Object>> Smplkit.Config.JsonApiConfigAttributes::get_Environments()
DA:145,174
FN:148,System.Nullable`1<System.DateTime> Smplkit.Config.JsonApiConfigAttributes::get_CreatedAt()
FNDA:174,System.Nullable`1<System.DateTime> Smplkit.Config.JsonApiConfigAttributes::get_CreatedAt()
DA:149,174
FN:152,System.Nullable`1<System.DateTime> Smplkit.Config.JsonApiConfigAttributes::get_UpdatedAt()
FNDA:174,System.Nullable`1<System.DateTime> Smplkit.Config.JsonApiConfigAttributes::get_UpdatedAt()
DA:153,174
FN:162,Smplkit.Config.JsonApiRequestResource Smplkit.Config.JsonApiRequestBody::get_Data()
FNDA:102,Smplkit.Config.JsonApiRequestResource Smplkit.Config.JsonApiRequestBody::get_Data()
DA:163,102
FN:172,System.String Smplkit.Config.JsonApiRequestResource::get_Type()
FNDA:153,System.String Smplkit.Config.JsonApiRequestResource::get_Type()
DA:173,153
FN:176,Smplkit.Config.JsonApiRequestAttributes Smplkit.Config.JsonApiRequestResource::get_Attributes()
FNDA:102,Smplkit.Config.JsonApiRequestAttributes Smplkit.Config.JsonApiRequestResource::get_Attributes()
DA:177,102
FN:186,System.String Smplkit.Config.JsonApiRequestAttributes::get_Name()
FNDA:102,System.String Smplkit.Config.JsonApiRequestAttributes::get_Name()
DA:187,102
FN:190,System.String Smplkit.Config.JsonApiRequestAttributes::get_Key()
FNDA:102,System.String Smplkit.Config.JsonApiRequestAttributes::get_Key()
DA:191,102
FN:194,System.String Smplkit.Config.JsonApiRequestAttributes::get_Description()
FNDA:102,System.String Smplkit.Config.JsonApiRequestAttributes::get_Description()
DA:195,102
FN:198,System.String Smplkit.Config.JsonApiRequestAttributes::get_Parent()
FNDA:102,System.String Smplkit.Config.JsonApiRequestAttributes::get_Parent()
DA:199,102
FN:202,System.Collections.Generic.Dictionary`2<System.String,System.Object> Smplkit.Config.JsonApiRequestAttributes::get_Items()
FNDA:102,System.Collections.Generic.Dictionary`2<System.String,System.Object> Smplkit.Config.JsonApiRequestAttributes::get_Items()
DA:203,102
FN:206,System.Collections.Generic.Dictionary`2<System.String,System.Object> Smplkit.Config.JsonApiRequestAttributes::get_Environments()
FNDA:102,System.Collections.Generic.Dictionary`2<System.String,System.Object> Smplkit.Config.JsonApiRequestAttributes::get_Environments()
DA:207,102
LF:49
LH:49
BRF:0
BRH:0
FNF:46
FNH:46
end_of_record
SF:/Users/mike/projects/csharp-sdk/src/Smplkit/Config/Resolver.cs
FN:11,System.String Smplkit.Config.ConfigChainEntry::get_Id()
FNDA:235,System.String Smplkit.Config.ConfigChainEntry::get_Id()
DA:12,235
FN:14,System.Collections.Generic.Dictionary`2<System.String,System.Object> Smplkit.Config.ConfigChainEntry::get_Values()
FNDA:685,System.Collections.Generic.Dictionary`2<System.String,System.Object> Smplkit.Config.ConfigChainEntry::get_Values()
DA:15,685
FN:20,System.Collections.Generic.Dictionary`2<System.String,System.Collections.Generic.Dictionary`2<System.String,System.Object>> Smplkit.Config.ConfigChainEntry::get_EnvValues()
FNDA:705,System.Collections.Generic.Dictionary`2<System.String,System.Collections.Generic.Dictionary`2<System.String,System.Object>> Smplkit.Config.ConfigChainEntry::get_EnvValues()
DA:21,705
FN:35,System.Collections.Generic.Dictionary`2<System.String,System.Object> Smplkit.Config.Resolver::Resolve(System.Collections.Generic.IReadOnlyList`1<Smplkit.Config.ConfigChainEntry>,System.String)
FNDA:204,System.Collections.Generic.Dictionary`2<System.String,System.Object> Smplkit.Config.Resolver::Resolve(System.Collections.Generic.IReadOnlyList`1<Smplkit.Config.ConfigChainEntry>,System.String)
DA:36,204
DA:37,204
DA:40,844
DA:41,218
DA:42,218
DA:43,218
DA:45,218
DA:47,218
DA:48,218
DA:50,204
DA:51,204
BRDA:40,84,1,218
BRDA:40,84,0,204
FN:59,System.Collections.Generic.Dictionary`2<System.String,System.Object> Smplkit.Config.Resolver::DeepMerge(System.Collections.Generic.Dictionary`2<System.String,System.Object>,System.Collections.Generic.Dictionary`2<System.String,System.Object>)
FNDA:454,System.Collections.Generic.Dictionary`2<System.String,System.Object> Smplkit.Config.Resolver::DeepMerge(System.Collections.Generic.Dictionary`2<System.String,System.Object>,System.Collections.Generic.Dictionary`2<System.String,System.Object>)
DA:60,454
DA:61,454
DA:62,2616
DA:63,627
DA:64,627
DA:65,627
DA:66,627
DA:67,6
DA:68,6
DA:69,6
DA:71,621
DA:72,621
DA:73,621
DA:74,627
DA:75,454
DA:76,454
BRDA:62,132,1,627
BRDA:64,55,0,139
BRDA:64,68,0,8
BRDA:64,55,1,619
BRDA:64,68,1,619
BRDA:64,90,0,6
BRDA:64,90,1,621
BRDA:62,132,0,454
FN:83,Smplkit.Config.ConfigChainEntry Smplkit.Config.Resolver::ToChainEntry(Smplkit.Config.Config)
FNDA:24,Smplkit.Config.ConfigChainEntry Smplkit.Config.Resolver::ToChainEntry(Smplkit.Config.Config)
DA:84,24
DA:85,24
DA:87,24
DA:88,24
DA:90,88
DA:91,8
DA:93,8
DA:94,8
DA:96,24
DA:97,24
DA:98,24
DA:99,24
DA:100,24
DA:101,24
DA:102,24
BRDA:90,97,1,8
BRDA:90,97,0,24
FN:106,System.Collections.Generic.Dictionary`2<System.String,System.Object> Smplkit.Config.Resolver::NormalizeDict(System.Collections.Generic.Dictionary`2<System.String,System.Object>)
FNDA:187,System.Collections.Generic.Dictionary`2<System.String,System.Object> Smplkit.Config.Resolver::NormalizeDict(System.Collections.Generic.Dictionary`2<System.String,System.Object>)
DA:107,187
DA:108,187
DA:109,1089
DA:110,264
DA:111,187
DA:112,187
BRDA:109,71,1,264
BRDA:109,71,0,187
FN:116,System.Object Smplkit.Config.Resolver::Normalize(System.Object)
FNDA:329,System.Object Smplkit.Config.Resolver::Normalize(System.Object)
DA:117,329
DA:118,329
DA:119,232
DA:120,97
DA:121,18
DA:122,79
DA:123,329
BRDA:118,7,0,232
BRDA:118,7,1,97
BRDA:118,22,0,232
BRDA:118,22,1,97
BRDA:120,48,0,18
BRDA:120,48,1,79
FN:124,System.Object Smplkit.Config.Resolver::NormalizeJsonElement(System.Text.Json.JsonElement)
FNDA:291,System.Object Smplkit.Config.Resolver::NormalizeJsonElement(System.Text.Json.JsonElement)
DA:125,291
DA:126,291
DA:127,38
DA:128,120
DA:129,7
DA:130,115
DA:131,117
DA:132,7
DA:133,2
DA:134,5
DA:135,291
BRDA:125,15,1,38
BRDA:125,15,2,7
BRDA:125,15,3,115
BRDA:125,15,4,117
BRDA:131,207,0,4
BRDA:131,207,1,113
BRDA:125,15,5,7
BRDA:125,15,6,2
BRDA:125,15,0,5
LF:69
LH:69
BRF:29
BRH:29
FNF:9
FNH:9
end_of_record