<?xml version="1.0" encoding="utf-8"?>
<coverage line-rate="0.9909" branch-rate="0.8698999999999999" version="1.9" timestamp="1775776694" lines-covered="2414" lines-valid="2436" branches-covered="836" branches-valid="961">
  <sources>
    <source>/Users/mike/projects/csharp-sdk/src/Smplkit/</source>
  </sources>
  <packages>
    <package name="Smplkit" line-rate="0.9909" branch-rate="0.8698999999999999" complexity="1164">
      <classes>
        <class name="Smplkit.ApiKeyResolver" filename="ApiKeyResolver.cs" line-rate="1" branch-rate="1" complexity="29">
          <methods>
            <method name="NoApiKeyMessage" signature="(System.String)" line-rate="1" branch-rate="1" complexity="1">
              <lines>
                <line number="11" hits="12" branch="False" />
                <line number="12" hits="12" branch="False" />
                <line number="13" hits="12" branch="False" />
                <line number="14" hits="12" branch="False" />
                <line number="15" hits="12" branch="False" />
                <line number="16" hits="12" branch="False" />
              </lines>
            </method>
            <method name="Resolve" signature="(System.String,System.String)" line-rate="1" branch-rate="1" complexity="1">
              <lines>
                <line number="19" hits="325" branch="False" />
                <line number="20" hits="325" branch="False" />
                <line number="21" hits="325" branch="False" />
                <line number="22" hits="325" branch="False" />
                <line number="23" hits="325" branch="False" />
                <line number="24" hits="325" branch="False" />
                <line number="25" hits="325" branch="False" />
                <line number="26" hits="325" branch="False" />
                <line number="27" hits="323" branch="False" />
              </lines>
            </method>
            <method name="Resolve" signature="(System.String,System.String,System.String,System.String)" line-rate="1" branch-rate="1" complexity="1">
              <lines>
                <line number="30" hits="344" branch="False" />
                <line number="31" hits="344" branch="False" />
                <line number="32" hits="333" branch="False" />
              </lines>
            </method>
            <method name="Resolve" signature="(System.String,System.String,System.String,System.String,System.Func`2&lt;System.String,System.String&gt;)" line-rate="1" branch-rate="1" complexity="8">
              <lines>
                <line number="35" hits="345" branch="False" />
                <line number="36" hits="345" branch="True" condition-coverage="100% (2/2)">
                  <conditions>
                    <condition number="12" type="jump" coverage="100%" />
                  </conditions>
                </line>
                <line number="37" hits="324" branch="False" />
                <line number="39" hits="21" branch="True" condition-coverage="100% (2/2)">
                  <conditions>
                    <condition number="29" type="jump" coverage="100%" />
                  </conditions>
                </line>
                <line number="40" hits="3" branch="False" />
                <line number="42" hits="18" branch="True" condition-coverage="100% (2/2)">
                  <conditions>
                    <condition number="43" type="jump" coverage="100%" />
                  </conditions>
                </line>
                <line number="43" hits="13" branch="False" />
                <line number="45" hits="13" branch="False" />
                <line number="46" hits="13" branch="False" />
                <line number="47" hits="12" branch="True" condition-coverage="100% (2/2)">
                  <conditions>
                    <condition number="72" type="jump" coverage="100%" />
                  </conditions>
                </line>
                <line number="48" hits="6" branch="False" />
                <line number="49" hits="6" branch="False" />
                <line number="50" hits="1" branch="False" />
                <line number="51" hits="1" branch="False" />
                <line number="53" hits="1" branch="False" />
                <line number="54" hits="7" branch="False" />
                <line number="56" hits="12" branch="False" />
                <line number="57" hits="333" branch="False" />
              </lines>
            </method>
            <method name="ParseIniApiKey" signature="(System.String,System.String)" line-rate="1" branch-rate="1" complexity="2">
              <lines>
                <line number="60" hits="12" branch="False" />
                <line number="62" hits="12" branch="False" />
                <line number="63" hits="14" branch="True" condition-coverage="100% (2/2)">
                  <conditions>
                    <condition number="15" type="jump" coverage="100%" />
                  </conditions>
                </line>
                <line number="64" hits="10" branch="False" />
                <line number="65" hits="12" branch="False" />
              </lines>
            </method>
            <method name="TryParseSection" signature="(System.String,System.String)" line-rate="1" branch-rate="1" complexity="16">
              <lines>
                <line number="68" hits="22" branch="False" />
                <line number="69" hits="22" branch="False" />
                <line number="70" hits="22" branch="False" />
                <line number="71" hits="186" branch="True" condition-coverage="100% (2/2)">
                  <conditions>
                    <condition number="233" type="jump" coverage="100%" />
                  </conditions>
                </line>
                <line number="72" hits="63" branch="False" />
                <line number="73" hits="63" branch="False" />
                <line number="74" hits="63" branch="True" condition-coverage="100% (4/4)">
                  <conditions>
                    <condition number="60" type="jump" coverage="100%" />
                    <condition number="78" type="jump" coverage="100%" />
                  </conditions>
                </line>
                <line number="75" hits="19" branch="False" />
                <line number="76" hits="44" branch="True" condition-coverage="100% (2/2)">
                  <conditions>
                    <condition number="98" type="jump" coverage="100%" />
                  </conditions>
                </line>
                <line number="77" hits="21" branch="False" />
                <line number="78" hits="21" branch="False" />
                <line number="79" hits="21" branch="False" />
                <line number="81" hits="23" branch="True" condition-coverage="100% (4/4)">
                  <conditions>
                    <condition number="114" type="jump" coverage="100%" />
                    <condition number="135" type="jump" coverage="100%" />
                  </conditions>
                </line>
                <line number="82" hits="8" branch="False" />
                <line number="83" hits="8" branch="False" />
                <line number="84" hits="8" branch="True" condition-coverage="100% (2/2)">
                  <conditions>
                    <condition number="161" type="jump" coverage="100%" />
                  </conditions>
                </line>
                <line number="85" hits="7" branch="False" />
                <line number="86" hits="7" branch="False" />
                <line number="87" hits="7" branch="True" condition-coverage="100% (2/2)">
                  <conditions>
                    <condition number="214" type="jump" coverage="100%" />
                  </conditions>
                </line>
                <line number="88" hits="6" branch="False" />
                <line number="89" hits="1" branch="False" />
                <line number="90" hits="2" branch="False" />
                <line number="91" hits="17" branch="False" />
                <line number="92" hits="16" branch="False" />
                <line number="93" hits="22" branch="False" />
              </lines>
            </method>
          </methods>
          <lines>
            <line number="11" hits="12" branch="False" />
            <line number="12" hits="12" branch="False" />
            <line number="13" hits="12" branch="False" />
            <line number="14" hits="12" branch="False" />
            <line number="15" hits="12" branch="False" />
            <line number="16" hits="12" branch="False" />
            <line number="19" hits="325" branch="False" />
            <line number="20" hits="325" branch="False" />
            <line number="21" hits="325" branch="False" />
            <line number="22" hits="325" branch="False" />
            <line number="23" hits="325" branch="False" />
            <line number="24" hits="325" branch="False" />
            <line number="25" hits="325" branch="False" />
            <line number="26" hits="325" branch="False" />
            <line number="27" hits="323" branch="False" />
            <line number="30" hits="344" branch="False" />
            <line number="31" hits="344" branch="False" />
            <line number="32" hits="333" branch="False" />
            <line number="35" hits="345" branch="False" />
            <line number="36" hits="345" branch="True" condition-coverage="100% (2/2)">
              <conditions>
                <condition number="12" type="jump" coverage="100%" />
              </conditions>
            </line>
            <line number="37" hits="324" branch="False" />
            <line number="39" hits="21" branch="True" condition-coverage="100% (2/2)">
              <conditions>
                <condition number="29" type="jump" coverage="100%" />
              </conditions>
            </line>
            <line number="40" hits="3" branch="False" />
            <line number="42" hits="18" branch="True" condition-coverage="100% (2/2)">
              <conditions>
                <condition number="43" type="jump" coverage="100%" />
              </conditions>
            </line>
            <line number="43" hits="13" branch="False" />
            <line number="45" hits="13" branch="False" />
            <line number="46" hits="13" branch="False" />
            <line number="47" hits="12" branch="True" condition-coverage="100% (2/2)">
              <conditions>
                <condition number="72" type="jump" coverage="100%" />
              </conditions>
            </line>
            <line number="48" hits="6" branch="False" />
            <line number="49" hits="6" branch="False" />
            <line number="50" hits="1" branch="False" />
            <line number="51" hits="1" branch="False" />
            <line number="53" hits="1" branch="False" />
            <line number="54" hits="7" branch="False" />
            <line number="56" hits="12" branch="False" />
            <line number="57" hits="333" branch="False" />
            <line number="60" hits="12" branch="False" />
            <line number="62" hits="12" branch="False" />
            <line number="63" hits="14" branch="True" condition-coverage="100% (2/2)">
              <conditions>
                <condition number="15" type="jump" coverage="100%" />
              </conditions>
            </line>
            <line number="64" hits="10" branch="False" />
            <line number="65" hits="12" branch="False" />
            <line number="68" hits="22" branch="False" />
            <line number="69" hits="22" branch="False" />
            <line number="70" hits="22" branch="False" />
            <line number="71" hits="186" branch="True" condition-coverage="100% (2/2)">
              <conditions>
                <condition number="233" type="jump" coverage="100%" />
              </conditions>
            </line>
            <line number="72" hits="63" branch="False" />
            <line number="73" hits="63" branch="False" />
            <line number="74" hits="63" branch="True" condition-coverage="100% (4/4)">
              <conditions>
                <condition number="60" type="jump" coverage="100%" />
                <condition number="78" type="jump" coverage="100%" />
              </conditions>
            </line>
            <line number="75" hits="19" branch="False" />
            <line number="76" hits="44" branch="True" condition-coverage="100% (2/2)">
              <conditions>
                <condition number="98" type="jump" coverage="100%" />
              </conditions>
            </line>
            <line number="77" hits="21" branch="False" />
            <line number="78" hits="21" branch="False" />
            <line number="79" hits="21" branch="False" />
            <line number="81" hits="23" branch="True" condition-coverage="100% (4/4)">
              <conditions>
                <condition number="114" type="jump" coverage="100%" />
                <condition number="135" type="jump" coverage="100%" />
              </conditions>
            </line>
            <line number="82" hits="8" branch="False" />
            <line number="83" hits="8" branch="False" />
            <line number="84" hits="8" branch="True" condition-coverage="100% (2/2)">
              <conditions>
                <condition number="161" type="jump" coverage="100%" />
              </conditions>
            </line>
            <line number="85" hits="7" branch="False" />
            <line number="86" hits="7" branch="False" />
            <line number="87" hits="7" branch="True" condition-coverage="100% (2/2)">
              <conditions>
                <condition number="214" type="jump" coverage="100%" />
              </conditions>
            </line>
            <line number="88" hits="6" branch="False" />
            <line number="89" hits="1" branch="False" />
            <line number="90" hits="2" branch="False" />
            <line number="91" hits="17" branch="False" />
            <line number="92" hits="16" branch="False" />
            <line number="93" hits="22" branch="False" />
          </lines>
        </class>
        <class name="Smplkit.Context" filename="Context.cs" line-rate="1" branch-rate="1" complexity="7">
          <methods>
            <method name="get_Type" signature="()" line-rate="1" branch-rate="1" complexity="1">
              <lines>
                <line number="16" hits="364" branch="False" />
              </lines>
            </method>
            <method name="get_Key" signature="()" line-rate="1" branch-rate="1" complexity="1">
              <lines>
                <line number="19" hits="364" branch="False" />
              </lines>
            </method>
            <method name="get_Name" signature="()" line-rate="1" branch-rate="1" complexity="1">
              <lines>
                <line number="22" hits="5" branch="False" />
              </lines>
            </method>
            <method name="get_Attributes" signature="()" line-rate="1" branch-rate="1" complexity="1">
              <lines>
                <line number="25" hits="241" branch="False" />
              </lines>
            </method>
            <method name="ToString" signature="()" line-rate="1" branch-rate="1" complexity="1">
              <lines>
                <line number="48" hits="2" branch="False" />
              </lines>
            </method>
            <method name=".ctor" signature="(System.String,System.String,System.Collections.Generic.Dictionary`2&lt;System.String,System.Object&gt;,System.String)" line-rate="1" branch-rate="1" complexity="2">
              <lines>
                <line number="34" hits="138" branch="False" />
                <line number="35" hits="138" branch="False" />
                <line number="36" hits="138" branch="False" />
                <line number="37" hits="138" branch="False" />
                <line number="38" hits="138" branch="False" />
                <line number="39" hits="138" branch="False" />
                <line number="40" hits="138" branch="False" />
                <line number="41" hits="138" branch="False" />
                <line number="42" hits="138" branch="False" />
                <line number="43" hits="138" branch="True" condition-coverage="100% (2/2)">
                  <conditions>
                    <condition number="33" type="jump" coverage="100%" />
                  </conditions>
                </line>
                <line number="44" hits="138" branch="False" />
              </lines>
            </method>
          </methods>
          <lines>
            <line number="16" hits="364" branch="False" />
            <line number="19" hits="364" branch="False" />
            <line number="22" hits="5" branch="False" />
            <line number="25" hits="241" branch="False" />
            <line number="48" hits="2" branch="False" />
            <line number="34" hits="138" branch="False" />
            <line number="35" hits="138" branch="False" />
            <line number="36" hits="138" branch="False" />
            <line number="37" hits="138" branch="False" />
            <line number="38" hits="138" branch="False" />
            <line number="39" hits="138" branch="False" />
            <line number="40" hits="138" branch="False" />
            <line number="41" hits="138" branch="False" />
            <line number="42" hits="138" branch="False" />
            <line number="43" hits="138" branch="True" condition-coverage="100% (2/2)">
              <conditions>
                <condition number="33" type="jump" coverage="100%" />
              </conditions>
            </line>
            <line number="44" hits="138" branch="False" />
          </lines>
        </class>
        <class name="Smplkit.LogLevelExtensions" filename="LogLevel.cs" line-rate="1" branch-rate="1" complexity="38">
          <methods>
            <method name="ToWireString" signature="(Smplkit.LogLevel)" line-rate="1" branch-rate="1" complexity="8">
              <lines>
                <line number="40" hits="22" branch="True" condition-coverage="100% (8/8)">
                  <conditions>
                    <condition number="5" type="switch" coverage="100%" />
                  </conditions>
                </line>
                <line number="41" hits="22" branch="False" />
                <line number="42" hits="1" branch="False" />
                <line number="43" hits="5" branch="False" />
                <line number="44" hits="3" branch="False" />
                <line number="45" hits="4" branch="False" />
                <line number="46" hits="5" branch="False" />
                <line number="47" hits="2" branch="False" />
                <line number="48" hits="1" branch="False" />
                <line number="49" hits="1" branch="False" />
                <line number="50" hits="22" branch="False" />
              </lines>
            </method>
            <method name="ParseLogLevel" signature="(System.String)" line-rate="1" branch-rate="1" complexity="30">
              <lines>
                <line number="57" hits="42" branch="True" condition-coverage="100% (30/30)">
                  <conditions>
                    <condition number="5" type="jump" coverage="100%" />
                    <condition number="20" type="switch" coverage="100%" />
                    <condition number="54" type="switch" coverage="100%" />
                    <condition number="94" type="jump" coverage="100%" />
                    <condition number="76" type="jump" coverage="100%" />
                    <condition number="101" type="jump" coverage="100%" />
                    <condition number="119" type="jump" coverage="100%" />
                    <condition number="134" type="jump" coverage="100%" />
                    <condition number="179" type="jump" coverage="100%" />
                    <condition number="194" type="jump" coverage="100%" />
                    <condition number="149" type="jump" coverage="100%" />
                    <condition number="164" type="jump" coverage="100%" />
                    <condition number="209" type="jump" coverage="100%" />
                  </conditions>
                </line>
                <line number="58" hits="42" branch="False" />
                <line number="59" hits="1" branch="False" />
                <line number="60" hits="3" branch="False" />
                <line number="61" hits="14" branch="False" />
                <line number="62" hits="13" branch="False" />
                <line number="63" hits="2" branch="False" />
                <line number="64" hits="2" branch="False" />
                <line number="65" hits="1" branch="False" />
                <line number="66" hits="6" branch="False" />
                <line number="67" hits="42" branch="False" />
              </lines>
            </method>
          </methods>
          <lines>
            <line number="40" hits="22" branch="True" condition-coverage="100% (8/8)">
              <conditions>
                <condition number="5" type="switch" coverage="100%" />
              </conditions>
            </line>
            <line number="41" hits="22" branch="False" />
            <line number="42" hits="1" branch="False" />
            <line number="43" hits="5" branch="False" />
            <line number="44" hits="3" branch="False" />
            <line number="45" hits="4" branch="False" />
            <line number="46" hits="5" branch="False" />
            <line number="47" hits="2" branch="False" />
            <line number="48" hits="1" branch="False" />
            <line number="49" hits="1" branch="False" />
            <line number="50" hits="22" branch="False" />
            <line number="57" hits="42" branch="True" condition-coverage="100% (30/30)">
              <conditions>
                <condition number="5" type="jump" coverage="100%" />
                <condition number="20" type="switch" coverage="100%" />
                <condition number="54" type="switch" coverage="100%" />
                <condition number="94" type="jump" coverage="100%" />
                <condition number="76" type="jump" coverage="100%" />
                <condition number="101" type="jump" coverage="100%" />
                <condition number="119" type="jump" coverage="100%" />
                <condition number="134" type="jump" coverage="100%" />
                <condition number="179" type="jump" coverage="100%" />
                <condition number="194" type="jump" coverage="100%" />
                <condition number="149" type="jump" coverage="100%" />
                <condition number="164" type="jump" coverage="100%" />
                <condition number="209" type="jump" coverage="100%" />
              </conditions>
            </line>
            <line number="58" hits="42" branch="False" />
            <line number="59" hits="1" branch="False" />
            <line number="60" hits="3" branch="False" />
            <line number="61" hits="14" branch="False" />
            <line number="62" hits="13" branch="False" />
            <line number="63" hits="2" branch="False" />
            <line number="64" hits="2" branch="False" />
            <line number="65" hits="1" branch="False" />
            <line number="66" hits="6" branch="False" />
            <line number="67" hits="42" branch="False" />
          </lines>
        </class>
        <class name="Smplkit.Rule" filename="Rule.cs" line-rate="1" branch-rate="1" complexity="11">
          <methods>
            <method name="Environment" signature="(System.String)" line-rate="1" branch-rate="1" complexity="1">
              <lines>
                <line number="36" hits="4" branch="False" />
                <line number="37" hits="4" branch="False" />
                <line number="38" hits="4" branch="False" />
                <line number="39" hits="4" branch="False" />
              </lines>
            </method>
            <method name="When" signature="(System.String,System.String,System.Object)" line-rate="1" branch-rate="1" complexity="2">
              <lines>
                <line number="49" hits="17" branch="False" />
                <line number="50" hits="17" branch="True" condition-coverage="100% (2/2)">
                  <conditions>
                    <condition number="14" type="jump" coverage="100%" />
                  </conditions>
                </line>
                <line number="51" hits="1" branch="False" />
                <line number="53" hits="1" branch="False" />
                <line number="54" hits="1" branch="False" />
                <line number="55" hits="1" branch="False" />
                <line number="56" hits="1" branch="False" />
                <line number="57" hits="1" branch="False" />
                <line number="59" hits="16" branch="False" />
                <line number="60" hits="16" branch="False" />
                <line number="61" hits="16" branch="False" />
                <line number="62" hits="16" branch="False" />
                <line number="63" hits="16" branch="False" />
                <line number="64" hits="16" branch="False" />
                <line number="65" hits="17" branch="False" />
                <line number="66" hits="17" branch="False" />
              </lines>
            </method>
            <method name="Serve" signature="(System.Object)" line-rate="1" branch-rate="1" complexity="1">
              <lines>
                <line number="74" hits="18" branch="False" />
                <line number="75" hits="18" branch="False" />
                <line number="76" hits="18" branch="False" />
                <line number="77" hits="18" branch="False" />
              </lines>
            </method>
            <method name="Build" signature="()" line-rate="1" branch-rate="1" complexity="6">
              <lines>
                <line number="84" hits="18" branch="False" />
                <line number="86" hits="18" branch="True" condition-coverage="100% (2/2)">
                  <conditions>
                    <condition number="17" type="jump" coverage="100%" />
                  </conditions>
                </line>
                <line number="87" hits="15" branch="False" />
                <line number="88" hits="3" branch="True" condition-coverage="100% (2/2)">
                  <conditions>
                    <condition number="50" type="jump" coverage="100%" />
                  </conditions>
                </line>
                <line number="89" hits="1" branch="False" />
                <line number="91" hits="2" branch="False" />
                <line number="93" hits="18" branch="False" />
                <line number="94" hits="18" branch="False" />
                <line number="95" hits="18" branch="False" />
                <line number="96" hits="18" branch="False" />
                <line number="97" hits="18" branch="False" />
                <line number="98" hits="18" branch="False" />
                <line number="100" hits="18" branch="True" condition-coverage="100% (2/2)">
                  <conditions>
                    <condition number="160" type="jump" coverage="100%" />
                  </conditions>
                </line>
                <line number="101" hits="4" branch="False" />
                <line number="103" hits="18" branch="False" />
                <line number="104" hits="18" branch="False" />
              </lines>
            </method>
            <method name=".ctor" signature="(System.String)" line-rate="1" branch-rate="1" complexity="1">
              <lines>
                <line number="17" hits="18" branch="False" />
                <line number="25" hits="18" branch="False" />
                <line number="26" hits="18" branch="False" />
                <line number="27" hits="18" branch="False" />
                <line number="28" hits="18" branch="False" />
              </lines>
            </method>
          </methods>
          <lines>
            <line number="36" hits="4" branch="False" />
            <line number="37" hits="4" branch="False" />
            <line number="38" hits="4" branch="False" />
            <line number="39" hits="4" branch="False" />
            <line number="49" hits="17" branch="False" />
            <line number="50" hits="17" branch="True" condition-coverage="100% (2/2)">
              <conditions>
                <condition number="14" type="jump" coverage="100%" />
              </conditions>
            </line>
            <line number="51" hits="1" branch="False" />
            <line number="53" hits="1" branch="False" />
            <line number="54" hits="1" branch="False" />
            <line number="55" hits="1" branch="False" />
            <line number="56" hits="1" branch="False" />
            <line number="57" hits="1" branch="False" />
            <line number="59" hits="16" branch="False" />
            <line number="60" hits="16" branch="False" />
            <line number="61" hits="16" branch="False" />
            <line number="62" hits="16" branch="False" />
            <line number="63" hits="16" branch="False" />
            <line number="64" hits="16" branch="False" />
            <line number="65" hits="17" branch="False" />
            <line number="66" hits="17" branch="False" />
            <line number="74" hits="18" branch="False" />
            <line number="75" hits="18" branch="False" />
            <line number="76" hits="18" branch="False" />
            <line number="77" hits="18" branch="False" />
            <line number="84" hits="18" branch="False" />
            <line number="86" hits="18" branch="True" condition-coverage="100% (2/2)">
              <conditions>
                <condition number="17" type="jump" coverage="100%" />
              </conditions>
            </line>
            <line number="87" hits="15" branch="False" />
            <line number="88" hits="3" branch="True" condition-coverage="100% (2/2)">
              <conditions>
                <condition number="50" type="jump" coverage="100%" />
              </conditions>
            </line>
            <line number="89" hits="1" branch="False" />
            <line number="91" hits="2" branch="False" />
            <line number="93" hits="18" branch="False" />
            <line number="94" hits="18" branch="False" />
            <line number="95" hits="18" branch="False" />
            <line number="96" hits="18" branch="False" />
            <line number="97" hits="18" branch="False" />
            <line number="98" hits="18" branch="False" />
            <line number="100" hits="18" branch="True" condition-coverage="100% (2/2)">
              <conditions>
                <condition number="160" type="jump" coverage="100%" />
              </conditions>
            </line>
            <line number="101" hits="4" branch="False" />
            <line number="103" hits="18" branch="False" />
            <line number="104" hits="18" branch="False" />
            <line number="17" hits="18" branch="False" />
            <line number="25" hits="18" branch="False" />
            <line number="26" hits="18" branch="False" />
            <line number="27" hits="18" branch="False" />
            <line number="28" hits="18" branch="False" />
          </lines>
        </class>
        <class name="Smplkit.SmplClient" filename="SmplClient.cs" line-rate="1" branch-rate="0.875" complexity="24">
          <methods>
            <method name="get_Environment" signature="()" line-rate="1" branch-rate="1" complexity="1">
              <lines>
                <line number="40" hits="74" branch="False" />
              </lines>
            </method>
            <method name="get_Service" signature="()" line-rate="1" branch-rate="1" complexity="1">
              <lines>
                <line number="45" hits="86" branch="False" />
              </lines>
            </method>
            <method name="get_Config" signature="()" line-rate="1" branch-rate="1" complexity="1">
              <lines>
                <line number="50" hits="174" branch="False" />
              </lines>
            </method>
            <method name="get_Flags" signature="()" line-rate="1" branch-rate="1" complexity="1">
              <lines>
                <line number="55" hits="137" branch="False" />
              </lines>
            </method>
            <method name="get_Logging" signature="()" line-rate="1" branch-rate="1" complexity="1">
              <lines>
                <line number="60" hits="127" branch="False" />
              </lines>
            </method>
            <method name="EnsureSharedWebSocket" signature="()" line-rate="1" branch-rate="0.5" complexity="4">
              <lines>
                <line number="142" hits="71" branch="False" />
                <line number="143" hits="71" branch="True" condition-coverage="50% (1/2)">
                  <conditions>
                    <condition number="15" type="jump" coverage="50%" />
                  </conditions>
                </line>
                <line number="144" hits="71" branch="False" />
                <line number="145" hits="71" branch="False" />
                <line number="146" hits="71" branch="True" condition-coverage="50% (1/2)">
                  <conditions>
                    <condition number="61" type="jump" coverage="50%" />
                  </conditions>
                </line>
                <line number="147" hits="71" branch="False" />
                <line number="148" hits="71" branch="False" />
                <line number="149" hits="71" branch="False" />
                <line number="151" hits="71" branch="False" />
              </lines>
            </method>
            <method name="Dispose" signature="()" line-rate="1" branch-rate="1" complexity="4">
              <lines>
                <line number="157" hits="39" branch="False" />
                <line number="158" hits="39" branch="False" />
                <line number="160" hits="39" branch="True" condition-coverage="100% (2/2)">
                  <conditions>
                    <condition number="27" type="jump" coverage="100%" />
                  </conditions>
                </line>
                <line number="161" hits="6" branch="False" />
                <line number="162" hits="6" branch="False" />
                <line number="163" hits="6" branch="False" />
                <line number="164" hits="6" branch="False" />
                <line number="166" hits="39" branch="True" condition-coverage="100% (2/2)">
                  <conditions>
                    <condition number="71" type="jump" coverage="100%" />
                  </conditions>
                </line>
                <line number="167" hits="12" branch="False" />
                <line number="168" hits="39" branch="False" />
              </lines>
            </method>
            <method name=".ctor" signature="()" line-rate="1" branch-rate="1" complexity="1">
              <lines>
                <line number="68" hits="1" branch="False" />
                <line number="69" hits="1" branch="False" />
                <line number="70" hits="1" branch="False" />
              </lines>
            </method>
            <method name=".ctor" signature="(Smplkit.SmplClientOptions)" line-rate="1" branch-rate="1" complexity="1">
              <lines>
                <line number="78" hits="19" branch="False" />
                <line number="79" hits="10" branch="False" />
                <line number="80" hits="10" branch="False" />
              </lines>
            </method>
            <method name=".ctor" signature="(Smplkit.SmplClientOptions,System.Net.Http.HttpClient)" line-rate="1" branch-rate="1" complexity="1">
              <lines>
                <line number="90" hits="314" branch="False" />
                <line number="91" hits="312" branch="False" />
                <line number="92" hits="312" branch="False" />
              </lines>
            </method>
            <method name=".ctor" signature="(Smplkit.SmplClientOptions,System.Net.Http.HttpClient,System.Boolean)" line-rate="1" branch-rate="1" complexity="8">
              <lines>
                <line number="35" hits="334" branch="False" />
                <line number="94" hits="334" branch="False" />
                <line number="95" hits="334" branch="False" />
                <line number="96" hits="334" branch="False" />
                <line number="97" hits="332" branch="False" />
                <line number="100" hits="331" branch="True" condition-coverage="100% (2/2)">
                  <conditions>
                    <condition number="50" type="jump" coverage="100%" />
                  </conditions>
                </line>
                <line number="101" hits="331" branch="False" />
                <line number="102" hits="331" branch="True" condition-coverage="100% (2/2)">
                  <conditions>
                    <condition number="74" type="jump" coverage="100%" />
                  </conditions>
                </line>
                <line number="103" hits="3" branch="False" />
                <line number="104" hits="3" branch="False" />
                <line number="105" hits="3" branch="False" />
                <line number="106" hits="3" branch="False" />
                <line number="109" hits="328" branch="True" condition-coverage="100% (2/2)">
                  <conditions>
                    <condition number="107" type="jump" coverage="100%" />
                  </conditions>
                </line>
                <line number="110" hits="328" branch="False" />
                <line number="111" hits="328" branch="True" condition-coverage="100% (2/2)">
                  <conditions>
                    <condition number="131" type="jump" coverage="100%" />
                  </conditions>
                </line>
                <line number="112" hits="3" branch="False" />
                <line number="113" hits="3" branch="False" />
                <line number="114" hits="3" branch="False" />
                <line number="115" hits="3" branch="False" />
                <line number="118" hits="325" branch="False" />
                <line number="120" hits="323" branch="False" />
                <line number="121" hits="323" branch="False" />
                <line number="122" hits="323" branch="False" />
                <line number="123" hits="323" branch="False" />
                <line number="124" hits="323" branch="False" />
                <line number="127" hits="323" branch="False" />
                <line number="128" hits="323" branch="False" />
                <line number="129" hits="323" branch="False" />
                <line number="130" hits="323" branch="False" />
                <line number="131" hits="323" branch="False" />
                <line number="132" hits="323" branch="False" />
                <line number="133" hits="323" branch="False" />
                <line number="134" hits="323" branch="False" />
                <line number="135" hits="323" branch="False" />
                <line number="136" hits="323" branch="False" />
              </lines>
            </method>
          </methods>
          <lines>
            <line number="40" hits="74" branch="False" />
            <line number="45" hits="86" branch="False" />
            <line number="50" hits="174" branch="False" />
            <line number="55" hits="137" branch="False" />
            <line number="60" hits="127" branch="False" />
            <line number="142" hits="71" branch="False" />
            <line number="143" hits="71" branch="True" condition-coverage="50% (1/2)">
              <conditions>
                <condition number="15" type="jump" coverage="50%" />
              </conditions>
            </line>
            <line number="144" hits="71" branch="False" />
            <line number="145" hits="71" branch="False" />
            <line number="146" hits="71" branch="True" condition-coverage="50% (1/2)">
              <conditions>
                <condition number="61" type="jump" coverage="50%" />
              </conditions>
            </line>
            <line number="147" hits="71" branch="False" />
            <line number="148" hits="71" branch="False" />
            <line number="149" hits="71" branch="False" />
            <line number="151" hits="71" branch="False" />
            <line number="157" hits="39" branch="False" />
            <line number="158" hits="39" branch="False" />
            <line number="160" hits="39" branch="True" condition-coverage="100% (2/2)">
              <conditions>
                <condition number="27" type="jump" coverage="100%" />
              </conditions>
            </line>
            <line number="161" hits="6" branch="False" />
            <line number="162" hits="6" branch="False" />
            <line number="163" hits="6" branch="False" />
            <line number="164" hits="6" branch="False" />
            <line number="166" hits="39" branch="True" condition-coverage="100% (2/2)">
              <conditions>
                <condition number="71" type="jump" coverage="100%" />
              </conditions>
            </line>
            <line number="167" hits="12" branch="False" />
            <line number="168" hits="39" branch="False" />
            <line number="68" hits="1" branch="False" />
            <line number="69" hits="1" branch="False" />
            <line number="70" hits="1" branch="False" />
            <line number="78" hits="19" branch="False" />
            <line number="79" hits="10" branch="False" />
            <line number="80" hits="10" branch="False" />
            <line number="90" hits="314" branch="False" />
            <line number="91" hits="312" branch="False" />
            <line number="92" hits="312" branch="False" />
            <line number="35" hits="334" branch="False" />
            <line number="94" hits="334" branch="False" />
            <line number="95" hits="334" branch="False" />
            <line number="96" hits="334" branch="False" />
            <line number="97" hits="332" branch="False" />
            <line number="100" hits="331" branch="True" condition-coverage="100% (2/2)">
              <conditions>
                <condition number="50" type="jump" coverage="100%" />
              </conditions>
            </line>
            <line number="101" hits="331" branch="False" />
            <line number="102" hits="331" branch="True" condition-coverage="100% (2/2)">
              <conditions>
                <condition number="74" type="jump" coverage="100%" />
              </conditions>
            </line>
            <line number="103" hits="3" branch="False" />
            <line number="104" hits="3" branch="False" />
            <line number="105" hits="3" branch="False" />
            <line number="106" hits="3" branch="False" />
            <line number="109" hits="328" branch="True" condition-coverage="100% (2/2)">
              <conditions>
                <condition number="107" type="jump" coverage="100%" />
              </conditions>
            </line>
            <line number="110" hits="328" branch="False" />
            <line number="111" hits="328" branch="True" condition-coverage="100% (2/2)">
              <conditions>
                <condition number="131" type="jump" coverage="100%" />
              </conditions>
            </line>
            <line number="112" hits="3" branch="False" />
            <line number="113" hits="3" branch="False" />
            <line number="114" hits="3" branch="False" />
            <line number="115" hits="3" branch="False" />
            <line number="118" hits="325" branch="False" />
            <line number="120" hits="323" branch="False" />
            <line number="121" hits="323" branch="False" />
            <line number="122" hits="323" branch="False" />
            <line number="123" hits="323" branch="False" />
            <line number="124" hits="323" branch="False" />
            <line number="127" hits="323" branch="False" />
            <line number="128" hits="323" branch="False" />
            <line number="129" hits="323" branch="False" />
            <line number="130" hits="323" branch="False" />
            <line number="131" hits="323" branch="False" />
            <line number="132" hits="323" branch="False" />
            <line number="133" hits="323" branch="False" />
            <line number="134" hits="323" branch="False" />
            <line number="135" hits="323" branch="False" />
            <line number="136" hits="323" branch="False" />
          </lines>
        </class>
        <class name="Smplkit.SmplClientOptions" filename="SmplClientOptions.cs" line-rate="1" branch-rate="1" complexity="4">
          <methods>
            <method name="get_ApiKey" signature="()" line-rate="1" branch-rate="1" complexity="1">
              <lines>
                <line number="13" hits="1312" branch="False" />
              </lines>
            </method>
            <method name="get_Timeout" signature="()" line-rate="1" branch-rate="1" complexity="1">
              <lines>
                <line number="19" hits="1643" branch="False" />
              </lines>
            </method>
            <method name="get_Environment" signature="()" line-rate="1" branch-rate="1" complexity="1">
              <lines>
                <line number="27" hits="666" branch="False" />
              </lines>
            </method>
            <method name="get_Service" signature="()" line-rate="1" branch-rate="1" complexity="1">
              <lines>
                <line number="35" hits="657" branch="False" />
              </lines>
            </method>
          </methods>
          <lines>
            <line number="13" hits="1312" branch="False" />
            <line number="19" hits="1643" branch="False" />
            <line number="27" hits="666" branch="False" />
            <line number="35" hits="657" branch="False" />
          </lines>
        </class>
        <class name="Smplkit.Logging.LoggingClient" filename="Logging/LoggingClient.cs" line-rate="0.9645" branch-rate="0.86" complexity="103">
          <methods>
            <method name="RegisterAdapter" signature="(Smplkit.Logging.Adapters.ILoggingAdapter)" line-rate="1" branch-rate="1" complexity="2">
              <lines>
                <line number="49" hits="10" branch="False" />
                <line number="50" hits="10" branch="True" condition-coverage="100% (2/2)">
                  <conditions>
                    <condition number="11" type="jump" coverage="100%" />
                  </conditions>
                </line>
                <line number="51" hits="1" branch="False" />
                <line number="52" hits="9" branch="False" />
                <line number="53" hits="9" branch="False" />
                <line number="54" hits="9" branch="False" />
              </lines>
            </method>
            <method name="New" signature="(System.String,System.String,System.Boolean)" line-rate="1" branch-rate="1" complexity="2">
              <lines>
                <line number="68" hits="11" branch="False" />
                <line number="69" hits="11" branch="True" condition-coverage="100% (2/2)">
                  <conditions>
                    <condition number="6" type="jump" coverage="100%" />
                  </conditions>
                </line>
                <line number="70" hits="11" branch="False" />
                <line number="71" hits="11" branch="False" />
                <line number="72" hits="11" branch="False" />
                <line number="73" hits="11" branch="False" />
                <line number="74" hits="11" branch="False" />
                <line number="75" hits="11" branch="False" />
                <line number="76" hits="11" branch="False" />
                <line number="77" hits="11" branch="False" />
                <line number="78" hits="11" branch="False" />
                <line number="79" hits="11" branch="False" />
                <line number="80" hits="11" branch="False" />
                <line number="81" hits="11" branch="False" />
              </lines>
            </method>
            <method name="NewGroup" signature="(System.String,System.String,System.String)" line-rate="1" branch-rate="1" complexity="2">
              <lines>
                <line number="158" hits="11" branch="False" />
                <line number="159" hits="11" branch="True" condition-coverage="100% (2/2)">
                  <conditions>
                    <condition number="6" type="jump" coverage="100%" />
                  </conditions>
                </line>
                <line number="160" hits="11" branch="False" />
                <line number="161" hits="11" branch="False" />
                <line number="162" hits="11" branch="False" />
                <line number="163" hits="11" branch="False" />
                <line number="164" hits="11" branch="False" />
                <line number="165" hits="11" branch="False" />
                <line number="166" hits="11" branch="False" />
                <line number="167" hits="11" branch="False" />
                <line number="168" hits="11" branch="False" />
                <line number="169" hits="11" branch="False" />
              </lines>
            </method>
            <method name="OnChange" signature="(System.Action`1&lt;Smplkit.Logging.LoggerChangeEvent&gt;)" line-rate="1" branch-rate="1" complexity="1">
              <lines>
                <line number="285" hits="8" branch="False" />
                <line number="286" hits="8" branch="False" />
                <line number="287" hits="8" branch="False" />
                <line number="288" hits="8" branch="False" />
                <line number="289" hits="8" branch="False" />
                <line number="290" hits="8" branch="False" />
              </lines>
            </method>
            <method name="OnChange" signature="(System.String,System.Action`1&lt;Smplkit.Logging.LoggerChangeEvent&gt;)" line-rate="1" branch-rate="1" complexity="2">
              <lines>
                <line number="298" hits="4" branch="False" />
                <line number="299" hits="4" branch="False" />
                <line number="300" hits="4" branch="False" />
                <line number="301" hits="4" branch="True" condition-coverage="100% (2/2)">
                  <conditions>
                    <condition number="39" type="jump" coverage="100%" />
                  </conditions>
                </line>
                <line number="302" hits="3" branch="False" />
                <line number="303" hits="3" branch="False" />
                <line number="304" hits="3" branch="False" />
                <line number="305" hits="3" branch="False" />
                <line number="306" hits="4" branch="False" />
                <line number="307" hits="4" branch="False" />
                <line number="308" hits="4" branch="False" />
              </lines>
            </method>
            <method name="Close" signature="()" line-rate="0.9229999999999999" branch-rate="1" complexity="4">
              <lines>
                <line number="318" hits="39" branch="False" />
                <line number="319" hits="125" branch="True" condition-coverage="100% (2/2)">
                  <conditions>
                    <condition number="49" type="jump" coverage="100%" />
                  </conditions>
                </line>
                <line number="320" hits="4" branch="False" />
                <line number="321" hits="12" branch="False" />
                <line number="322" hits="0" branch="False" />
                <line number="323" hits="4" branch="False" />
                <line number="325" hits="39" branch="True" condition-coverage="100% (2/2)">
                  <conditions>
                    <condition number="82" type="jump" coverage="100%" />
                  </conditions>
                </line>
                <line number="326" hits="2" branch="False" />
                <line number="327" hits="2" branch="False" />
                <line number="328" hits="2" branch="False" />
                <line number="329" hits="2" branch="False" />
                <line number="330" hits="39" branch="False" />
                <line number="331" hits="39" branch="False" />
              </lines>
            </method>
            <method name="AutoLoadAdapters" signature="()" line-rate="0.8636" branch-rate="1" complexity="4">
              <lines>
                <line number="338" hits="5" branch="False" />
                <line number="339" hits="5" branch="False" />
                <line number="340" hits="5" branch="False" />
                <line number="341" hits="5" branch="False" />
                <line number="342" hits="5" branch="False" />
                <line number="343" hits="5" branch="False" />
                <line number="344" hits="35" branch="True" condition-coverage="100% (2/2)">
                  <conditions>
                    <condition number="169" type="jump" coverage="100%" />
                  </conditions>
                </line>
                <line number="345" hits="10" branch="False" />
                <line number="347" hits="10" branch="False" />
                <line number="348" hits="10" branch="False" />
                <line number="349" hits="10" branch="False" />
                <line number="350" hits="10" branch="True" condition-coverage="100% (2/2)">
                  <conditions>
                    <condition number="120" type="jump" coverage="100%" />
                  </conditions>
                </line>
                <line number="351" hits="10" branch="False" />
                <line number="352" hits="10" branch="False" />
                <line number="353" hits="10" branch="False" />
                <line number="354" hits="10" branch="False" />
                <line number="355" hits="10" branch="False" />
                <line number="356" hits="0" branch="False" />
                <line number="357" hits="0" branch="False" />
                <line number="359" hits="0" branch="False" />
                <line number="360" hits="10" branch="False" />
                <line number="361" hits="5" branch="False" />
              </lines>
            </method>
            <method name="ApplyLevels" signature="(System.Collections.Generic.List`1&lt;Smplkit.Logging.Logger&gt;)" line-rate="0.9166" branch-rate="1" complexity="8">
              <lines>
                <line number="364" hits="11" branch="False" />
                <line number="365" hits="11" branch="True" condition-coverage="100% (2/2)">
                  <conditions>
                    <condition number="17" type="jump" coverage="100%" />
                  </conditions>
                </line>
                <line number="367" hits="37" branch="True" condition-coverage="100% (2/2)">
                  <conditions>
                    <condition number="166" type="jump" coverage="100%" />
                  </conditions>
                </line>
                <line number="368" hits="2" branch="False" />
                <line number="369" hits="3" branch="True" condition-coverage="100% (2/2)">
                  <conditions>
                    <condition number="63" type="jump" coverage="100%" />
                  </conditions>
                </line>
                <line number="371" hits="7" branch="True" condition-coverage="100% (2/2)">
                  <conditions>
                    <condition number="139" type="jump" coverage="100%" />
                  </conditions>
                </line>
                <line number="372" hits="2" branch="False" />
                <line number="373" hits="6" branch="False" />
                <line number="374" hits="0" branch="False" />
                <line number="375" hits="2" branch="False" />
                <line number="376" hits="1" branch="False" />
                <line number="377" hits="11" branch="False" />
              </lines>
            </method>
            <method name="HandleAdapterNewLogger" signature="(System.String,Smplkit.LogLevel)" line-rate="0" branch-rate="1" complexity="1">
              <lines>
                <line number="380" hits="0" branch="False" />
                <line number="382" hits="0" branch="False" />
                <line number="383" hits="0" branch="False" />
                <line number="384" hits="0" branch="False" />
              </lines>
            </method>
            <method name="HandleLoggerChanged" signature="(System.Collections.Generic.Dictionary`2&lt;System.String,System.Object&gt;)" line-rate="1" branch-rate="1" complexity="8">
              <lines>
                <line number="391" hits="7" branch="False" />
                <line number="392" hits="7" branch="True" condition-coverage="100% (2/2)">
                  <conditions>
                    <condition number="14" type="jump" coverage="100%" />
                  </conditions>
                </line>
                <line number="393" hits="8" branch="True" condition-coverage="100% (2/2)">
                  <conditions>
                    <condition number="34" type="jump" coverage="100%" />
                  </conditions>
                </line>
                <line number="395" hits="6" branch="False" />
                <line number="396" hits="6" branch="True" condition-coverage="100% (4/4)">
                  <conditions>
                    <condition number="59" type="jump" coverage="100%" />
                    <condition number="81" type="jump" coverage="100%" />
                  </conditions>
                </line>
                <line number="397" hits="5" branch="False" />
                <line number="398" hits="14" branch="False" />
                <line number="399" hits="3" branch="False" />
                <line number="400" hits="5" branch="False" />
                <line number="402" hits="6" branch="False" />
                <line number="403" hits="6" branch="False" />
                <line number="404" hits="7" branch="False" />
              </lines>
            </method>
            <method name="FireListeners" signature="(System.String,Smplkit.Logging.LoggerChangeEvent)" line-rate="1" branch-rate="1" complexity="8">
              <lines>
                <line number="407" hits="6" branch="False" />
                <line number="409" hits="6" branch="False" />
                <line number="411" hits="6" branch="False" />
                <line number="412" hits="6" branch="False" />
                <line number="413" hits="6" branch="False" />
                <line number="414" hits="6" branch="True" condition-coverage="100% (2/2)">
                  <conditions>
                    <condition number="52" type="jump" coverage="100%" />
                  </conditions>
                </line>
                <line number="415" hits="2" branch="False" />
                <line number="416" hits="6" branch="False" />
                <line number="418" hits="30" branch="True" condition-coverage="100% (2/2)">
                  <conditions>
                    <condition number="123" type="jump" coverage="100%" />
                  </conditions>
                </line>
                <line number="419" hits="6" branch="False" />
                <line number="420" hits="17" branch="False" />
                <line number="421" hits="3" branch="False" />
                <line number="422" hits="6" branch="False" />
                <line number="423" hits="6" branch="True" condition-coverage="100% (2/2)">
                  <conditions>
                    <condition number="150" type="jump" coverage="100%" />
                  </conditions>
                </line>
                <line number="424" hits="2" branch="False" />
                <line number="425" hits="12" branch="True" condition-coverage="100% (2/2)">
                  <conditions>
                    <condition number="200" type="jump" coverage="100%" />
                  </conditions>
                </line>
                <line number="426" hits="3" branch="False" />
                <line number="427" hits="8" branch="False" />
                <line number="428" hits="3" branch="False" />
                <line number="429" hits="3" branch="False" />
                <line number="430" hits="2" branch="False" />
                <line number="431" hits="6" branch="False" />
              </lines>
            </method>
            <method name="MapLoggerResource" signature="(Smplkit.Internal.Generated.Logging.LoggerResource)" line-rate="1" branch-rate="0.7692" complexity="26">
              <lines>
                <line number="438" hits="17" branch="False" />
                <line number="439" hits="17" branch="True" condition-coverage="50% (2/4)">
                  <conditions>
                    <condition number="2" type="jump" coverage="50%" />
                    <condition number="20" type="jump" coverage="50%" />
                  </conditions>
                </line>
                <line number="440" hits="17" branch="False" />
                <line number="442" hits="17" branch="False" />
                <line number="443" hits="17" branch="True" condition-coverage="100% (2/2)">
                  <conditions>
                    <condition number="61" type="jump" coverage="100%" />
                  </conditions>
                </line>
                <line number="444" hits="15" branch="False" />
                <line number="445" hits="44" branch="False" />
                <line number="446" hits="3" branch="False" />
                <line number="447" hits="15" branch="False" />
                <line number="449" hits="17" branch="False" />
                <line number="450" hits="17" branch="True" condition-coverage="100% (2/2)">
                  <conditions>
                    <condition number="113" type="jump" coverage="100%" />
                  </conditions>
                </line>
                <line number="451" hits="17" branch="False" />
                <line number="452" hits="55" branch="True" condition-coverage="100% (2/2)">
                  <conditions>
                    <condition number="226" type="jump" coverage="100%" />
                  </conditions>
                </line>
                <line number="453" hits="2" branch="False" />
                <line number="454" hits="2" branch="True" condition-coverage="100% (2/2)">
                  <conditions>
                    <condition number="163" type="jump" coverage="100%" />
                  </conditions>
                </line>
                <line number="455" hits="1" branch="False" />
                <line number="456" hits="1" branch="True" condition-coverage="75% (3/4)">
                  <conditions>
                    <condition number="183" type="jump" coverage="50%" />
                    <condition number="202" type="jump" coverage="100%" />
                  </conditions>
                </line>
                <line number="457" hits="1" branch="False" />
                <line number="458" hits="2" branch="False" />
                <line number="459" hits="17" branch="False" />
                <line number="461" hits="17" branch="False" />
                <line number="463" hits="17" branch="True" condition-coverage="70% (7/10)">
                  <conditions>
                    <condition number="266" type="jump" coverage="50%" />
                    <condition number="281" type="jump" coverage="50%" />
                    <condition number="296" type="jump" coverage="50%" />
                    <condition number="344" type="jump" coverage="100%" />
                    <condition number="394" type="jump" coverage="100%" />
                  </conditions>
                </line>
                <line number="464" hits="17" branch="False" />
                <line number="465" hits="17" branch="False" />
                <line number="466" hits="17" branch="False" />
                <line number="467" hits="17" branch="False" />
                <line number="468" hits="17" branch="False" />
                <line number="469" hits="17" branch="False" />
                <line number="470" hits="17" branch="False" />
                <line number="471" hits="17" branch="False" />
                <line number="472" hits="17" branch="False" />
                <line number="473" hits="17" branch="False" />
                <line number="474" hits="17" branch="False" />
                <line number="475" hits="17" branch="False" />
              </lines>
            </method>
            <method name="MapLogGroupResource" signature="(Smplkit.Internal.Generated.Logging.LogGroupResource)" line-rate="1" branch-rate="0.5625" complexity="16">
              <lines>
                <line number="478" hits="13" branch="False" />
                <line number="479" hits="13" branch="True" condition-coverage="50% (2/4)">
                  <conditions>
                    <condition number="2" type="jump" coverage="50%" />
                    <condition number="18" type="jump" coverage="50%" />
                  </conditions>
                </line>
                <line number="480" hits="13" branch="False" />
                <line number="482" hits="13" branch="False" />
                <line number="483" hits="13" branch="True" condition-coverage="100% (2/2)">
                  <conditions>
                    <condition number="59" type="jump" coverage="100%" />
                  </conditions>
                </line>
                <line number="484" hits="12" branch="False" />
                <line number="485" hits="35" branch="False" />
                <line number="486" hits="3" branch="False" />
                <line number="487" hits="12" branch="False" />
                <line number="489" hits="13" branch="False" />
                <line number="491" hits="13" branch="True" condition-coverage="50% (5/10)">
                  <conditions>
                    <condition number="109" type="jump" coverage="50%" />
                    <condition number="124" type="jump" coverage="50%" />
                    <condition number="139" type="jump" coverage="50%" />
                    <condition number="171" type="jump" coverage="50%" />
                    <condition number="221" type="jump" coverage="50%" />
                  </conditions>
                </line>
                <line number="492" hits="13" branch="False" />
                <line number="493" hits="13" branch="False" />
                <line number="494" hits="13" branch="False" />
                <line number="495" hits="13" branch="False" />
                <line number="496" hits="13" branch="False" />
                <line number="497" hits="13" branch="False" />
                <line number="498" hits="13" branch="False" />
                <line number="499" hits="13" branch="False" />
                <line number="500" hits="13" branch="False" />
                <line number="501" hits="13" branch="False" />
              </lines>
            </method>
            <method name="NormalizeEnvironments" signature="(System.Object)" line-rate="1" branch-rate="1" complexity="8">
              <lines>
                <line number="504" hits="32" branch="False" />
                <line number="505" hits="34" branch="True" condition-coverage="100% (2/2)">
                  <conditions>
                    <condition number="7" type="jump" coverage="100%" />
                  </conditions>
                </line>
                <line number="506" hits="30" branch="True" condition-coverage="100% (4/4)">
                  <conditions>
                    <condition number="26" type="jump" coverage="100%" />
                    <condition number="50" type="jump" coverage="100%" />
                  </conditions>
                </line>
                <line number="507" hits="28" branch="False" />
                <line number="508" hits="28" branch="False" />
                <line number="509" hits="90" branch="True" condition-coverage="100% (2/2)">
                  <conditions>
                    <condition number="126" type="jump" coverage="100%" />
                  </conditions>
                </line>
                <line number="510" hits="3" branch="False" />
                <line number="511" hits="3" branch="False" />
                <line number="512" hits="3" branch="False" />
                <line number="513" hits="28" branch="False" />
                <line number="515" hits="2" branch="False" />
                <line number="516" hits="32" branch="False" />
              </lines>
            </method>
            <method name="NormalizeJsonToDict" signature="(System.Text.Json.JsonElement)" line-rate="1" branch-rate="0.75" complexity="4">
              <lines>
                <line number="519" hits="4" branch="False" />
                <line number="520" hits="4" branch="True" condition-coverage="50% (1/2)">
                  <conditions>
                    <condition number="16" type="jump" coverage="50%" />
                  </conditions>
                </line>
                <line number="521" hits="4" branch="False" />
                <line number="522" hits="24" branch="True" condition-coverage="100% (2/2)">
                  <conditions>
                    <condition number="99" type="jump" coverage="100%" />
                  </conditions>
                </line>
                <line number="523" hits="6" branch="False" />
                <line number="524" hits="4" branch="False" />
                <line number="525" hits="4" branch="False" />
              </lines>
            </method>
            <method name="BuildLoggerRequestBody" signature="(Smplkit.Logging.Logger)" line-rate="1" branch-rate="1" complexity="2">
              <lines>
                <line number="532" hits="4" branch="True" condition-coverage="100% (2/2)">
                  <conditions>
                    <condition number="71" type="jump" coverage="100%" />
                  </conditions>
                </line>
                <line number="533" hits="4" branch="False" />
                <line number="534" hits="4" branch="False" />
                <line number="535" hits="4" branch="False" />
                <line number="536" hits="4" branch="False" />
                <line number="537" hits="4" branch="False" />
                <line number="538" hits="4" branch="False" />
                <line number="539" hits="4" branch="False" />
                <line number="540" hits="4" branch="False" />
                <line number="541" hits="4" branch="False" />
                <line number="542" hits="4" branch="False" />
                <line number="543" hits="4" branch="False" />
                <line number="544" hits="4" branch="False" />
                <line number="545" hits="4" branch="False" />
                <line number="546" hits="4" branch="False" />
                <line number="547" hits="4" branch="False" />
              </lines>
            </method>
            <method name="BuildLogGroupRequestBody" signature="(Smplkit.Logging.LogGroup)" line-rate="1" branch-rate="1" complexity="2">
              <lines>
                <line number="550" hits="4" branch="True" condition-coverage="100% (2/2)">
                  <conditions>
                    <condition number="71" type="jump" coverage="100%" />
                  </conditions>
                </line>
                <line number="551" hits="4" branch="False" />
                <line number="552" hits="4" branch="False" />
                <line number="553" hits="4" branch="False" />
                <line number="554" hits="4" branch="False" />
                <line number="555" hits="4" branch="False" />
                <line number="556" hits="4" branch="False" />
                <line number="557" hits="4" branch="False" />
                <line number="558" hits="4" branch="False" />
                <line number="559" hits="4" branch="False" />
                <line number="560" hits="4" branch="False" />
                <line number="561" hits="4" branch="False" />
                <line number="562" hits="4" branch="False" />
                <line number="563" hits="4" branch="False" />
                <line number="564" hits="4" branch="False" />
              </lines>
            </method>
            <method name="BuildEnvironmentsPayload" signature="(System.Collections.Generic.Dictionary`2&lt;System.String,System.Collections.Generic.Dictionary`2&lt;System.String,System.Object&gt;&gt;)" line-rate="1" branch-rate="1" complexity="2">
              <lines>
                <line number="567" hits="8" branch="False" />
                <line number="568" hits="14" branch="True" condition-coverage="100% (2/2)">
                  <conditions>
                    <condition number="12" type="jump" coverage="100%" />
                  </conditions>
                </line>
                <line number="569" hits="2" branch="False" />
                <line number="570" hits="8" branch="False" />
              </lines>
            </method>
            <method name=".ctor" signature="(Smplkit.Internal.GeneratedClientFactory,System.String,System.Func`1&lt;Smplkit.Internal.SharedWebSocket&gt;,Smplkit.SmplClient)" line-rate="1" branch-rate="1" complexity="1">
              <lines>
                <line number="21" hits="323" branch="False" />
                <line number="23" hits="323" branch="False" />
                <line number="24" hits="323" branch="False" />
                <line number="25" hits="323" branch="False" />
                <line number="30" hits="323" branch="False" />
                <line number="31" hits="323" branch="False" />
                <line number="32" hits="323" branch="False" />
                <line number="33" hits="323" branch="False" />
                <line number="34" hits="323" branch="False" />
                <line number="35" hits="323" branch="False" />
                <line number="36" hits="323" branch="False" />
              </lines>
            </method>
          </methods>
          <lines>
            <line number="49" hits="10" branch="False" />
            <line number="50" hits="10" branch="True" condition-coverage="100% (2/2)">
              <conditions>
                <condition number="11" type="jump" coverage="100%" />
              </conditions>
            </line>
            <line number="51" hits="1" branch="False" />
            <line number="52" hits="9" branch="False" />
            <line number="53" hits="9" branch="False" />
            <line number="54" hits="9" branch="False" />
            <line number="68" hits="11" branch="False" />
            <line number="69" hits="11" branch="True" condition-coverage="100% (2/2)">
              <conditions>
                <condition number="6" type="jump" coverage="100%" />
              </conditions>
            </line>
            <line number="70" hits="11" branch="False" />
            <line number="71" hits="11" branch="False" />
            <line number="72" hits="11" branch="False" />
            <line number="73" hits="11" branch="False" />
            <line number="74" hits="11" branch="False" />
            <line number="75" hits="11" branch="False" />
            <line number="76" hits="11" branch="False" />
            <line number="77" hits="11" branch="False" />
            <line number="78" hits="11" branch="False" />
            <line number="79" hits="11" branch="False" />
            <line number="80" hits="11" branch="False" />
            <line number="81" hits="11" branch="False" />
            <line number="158" hits="11" branch="False" />
            <line number="159" hits="11" branch="True" condition-coverage="100% (2/2)">
              <conditions>
                <condition number="6" type="jump" coverage="100%" />
              </conditions>
            </line>
            <line number="160" hits="11" branch="False" />
            <line number="161" hits="11" branch="False" />
            <line number="162" hits="11" branch="False" />
            <line number="163" hits="11" branch="False" />
            <line number="164" hits="11" branch="False" />
            <line number="165" hits="11" branch="False" />
            <line number="166" hits="11" branch="False" />
            <line number="167" hits="11" branch="False" />
            <line number="168" hits="11" branch="False" />
            <line number="169" hits="11" branch="False" />
            <line number="285" hits="8" branch="False" />
            <line number="286" hits="8" branch="False" />
            <line number="287" hits="8" branch="False" />
            <line number="288" hits="8" branch="False" />
            <line number="289" hits="8" branch="False" />
            <line number="290" hits="8" branch="False" />
            <line number="298" hits="4" branch="False" />
            <line number="299" hits="4" branch="False" />
            <line number="300" hits="4" branch="False" />
            <line number="301" hits="4" branch="True" condition-coverage="100% (2/2)">
              <conditions>
                <condition number="39" type="jump" coverage="100%" />
              </conditions>
            </line>
            <line number="302" hits="3" branch="False" />
            <line number="303" hits="3" branch="False" />
            <line number="304" hits="3" branch="False" />
            <line number="305" hits="3" branch="False" />
            <line number="306" hits="4" branch="False" />
            <line number="307" hits="4" branch="False" />
            <line number="308" hits="4" branch="False" />
            <line number="318" hits="39" branch="False" />
            <line number="319" hits="125" branch="True" condition-coverage="100% (2/2)">
              <conditions>
                <condition number="49" type="jump" coverage="100%" />
              </conditions>
            </line>
            <line number="320" hits="4" branch="False" />
            <line number="321" hits="12" branch="False" />
            <line number="322" hits="0" branch="False" />
            <line number="323" hits="4" branch="False" />
            <line number="325" hits="39" branch="True" condition-coverage="100% (2/2)">
              <conditions>
                <condition number="82" type="jump" coverage="100%" />
              </conditions>
            </line>
            <line number="326" hits="2" branch="False" />
            <line number="327" hits="2" branch="False" />
            <line number="328" hits="2" branch="False" />
            <line number="329" hits="2" branch="False" />
            <line number="330" hits="39" branch="False" />
            <line number="331" hits="39" branch="False" />
            <line number="338" hits="5" branch="False" />
            <line number="339" hits="5" branch="False" />
            <line number="340" hits="5" branch="False" />
            <line number="341" hits="5" branch="False" />
            <line number="342" hits="5" branch="False" />
            <line number="343" hits="5" branch="False" />
            <line number="344" hits="35" branch="True" condition-coverage="100% (2/2)">
              <conditions>
                <condition number="169" type="jump" coverage="100%" />
              </conditions>
            </line>
            <line number="345" hits="10" branch="False" />
            <line number="347" hits="10" branch="False" />
            <line number="348" hits="10" branch="False" />
            <line number="349" hits="10" branch="False" />
            <line number="350" hits="10" branch="True" condition-coverage="100% (2/2)">
              <conditions>
[...]
            <line number="42" hits="153" branch="False" />
            <line number="43" hits="153" branch="False" />
            <line number="44" hits="153" branch="False" />
            <line number="45" hits="153" branch="False" />
            <line number="46" hits="153" branch="False" />
            <line number="47" hits="153" branch="False" />
            <line number="48" hits="153" branch="False" />
            <line number="49" hits="153" branch="False" />
            <line number="50" hits="153" branch="False" />
            <line number="51" hits="153" branch="False" />
            <line number="52" hits="153" branch="False" />
            <line number="53" hits="153" branch="False" />
            <line number="54" hits="153" branch="False" />
            <line number="55" hits="153" branch="False" />
            <line number="56" hits="153" branch="False" />
            <line number="57" hits="153" branch="False" />
            <line number="58" hits="153" branch="False" />
            <line number="59" hits="153" branch="False" />
            <line number="60" hits="153" branch="False" />
          </lines>
        </class>
        <class name="Smplkit.Config.Config/&lt;SaveAsync&gt;d__38" filename="Config/Models.cs" line-rate="1" branch-rate="1" complexity="1">
          <methods>
            <method name="MoveNext" signature="()" line-rate="1" branch-rate="1" complexity="1">
              <lines>
                <line number="68" hits="47" branch="False" />
                <line number="69" hits="47" branch="False" />
                <line number="70" hits="27" branch="False" />
                <line number="71" hits="27" branch="False" />
                <line number="72" hits="27" branch="False" />
                <line number="73" hits="27" branch="False" />
                <line number="74" hits="27" branch="False" />
                <line number="75" hits="27" branch="False" />
                <line number="76" hits="27" branch="False" />
                <line number="77" hits="27" branch="False" />
                <line number="78" hits="27" branch="False" />
                <line number="79" hits="27" branch="False" />
              </lines>
            </method>
          </methods>
          <lines>
            <line number="68" hits="47" branch="False" />
            <line number="69" hits="47" branch="False" />
            <line number="70" hits="27" branch="False" />
            <line number="71" hits="27" branch="False" />
            <line number="72" hits="27" branch="False" />
            <line number="73" hits="27" branch="False" />
            <line number="74" hits="27" branch="False" />
            <line number="75" hits="27" branch="False" />
            <line number="76" hits="27" branch="False" />
            <line number="77" hits="27" branch="False" />
            <line number="78" hits="27" branch="False" />
            <line number="79" hits="27" branch="False" />
          </lines>
        </class>
        <class name="Smplkit.Config.ConfigChangeEvent" filename="Config/Models.cs" line-rate="1" branch-rate="1" complexity="6">
          <methods>
            <method name="get_ConfigKey" signature="()" line-rate="1" branch-rate="1" complexity="1">
              <lines>
                <line number="95" hits="4" branch="False" />
              </lines>
            </method>
            <method name="get_ItemKey" signature="()" line-rate="1" branch-rate="1" complexity="1">
              <lines>
                <line number="96" hits="6" branch="False" />
              </lines>
            </method>
            <method name="get_OldValue" signature="()" line-rate="1" branch-rate="1" complexity="1">
              <lines>
                <line number="97" hits="3" branch="False" />
              </lines>
            </method>
            <method name="get_NewValue" signature="()" line-rate="1" branch-rate="1" complexity="1">
              <lines>
                <line number="98" hits="3" branch="False" />
              </lines>
            </method>
            <method name="get_Source" signature="()" line-rate="1" branch-rate="1" complexity="1">
              <lines>
                <line number="99" hits="3" branch="False" />
              </lines>
            </method>
            <method name=".ctor" signature="(System.String,System.String,System.Object,System.Object,System.String)" line-rate="1" branch-rate="1" complexity="1">
              <lines>
                <line number="94" hits="9" branch="False" />
                <line number="100" hits="9" branch="False" />
              </lines>
            </method>
          </methods>
          <lines>
            <line number="95" hits="4" branch="False" />
            <line number="96" hits="6" branch="False" />
            <line number="97" hits="3" branch="False" />
            <line number="98" hits="3" branch="False" />
            <line number="99" hits="3" branch="False" />
            <line number="94" hits="9" branch="False" />
            <line number="100" hits="9" branch="False" />
          </lines>
        </class>
        <class name="Smplkit.Config.ConfigChainEntry" filename="Config/Resolver.cs" line-rate="1" branch-rate="1" complexity="3">
          <methods>
            <method name="get_Id" signature="()" line-rate="1" branch-rate="1" complexity="1">
              <lines>
                <line number="12" hits="67" branch="False" />
              </lines>
            </method>
            <method name="get_Values" signature="()" line-rate="1" branch-rate="1" complexity="1">
              <lines>
                <line number="15" hits="189" branch="False" />
              </lines>
            </method>
            <method name="get_EnvValues" signature="()" line-rate="1" branch-rate="1" complexity="1">
              <lines>
                <line number="21" hits="200" branch="False" />
              </lines>
            </method>
          </methods>
          <lines>
            <line number="12" hits="67" branch="False" />
            <line number="15" hits="189" branch="False" />
            <line number="21" hits="200" branch="False" />
          </lines>
        </class>
        <class name="Smplkit.Config.Resolver" filename="Config/Resolver.cs" line-rate="1" branch-rate="0.9677" complexity="31">
          <methods>
            <method name="Resolve" signature="(System.Collections.Generic.IReadOnlyList`1&lt;Smplkit.Config.ConfigChainEntry&gt;,System.String)" line-rate="1" branch-rate="1" complexity="2">
              <lines>
                <line number="36" hits="48" branch="False" />
                <line number="37" hits="48" branch="False" />
                <line number="40" hits="206" branch="True" condition-coverage="100% (2/2)">
                  <conditions>
                    <condition number="84" type="jump" coverage="100%" />
                  </conditions>
                </line>
                <line number="41" hits="55" branch="False" />
                <line number="42" hits="55" branch="False" />
                <line number="43" hits="55" branch="False" />
                <line number="45" hits="55" branch="False" />
                <line number="47" hits="55" branch="False" />
                <line number="48" hits="55" branch="False" />
                <line number="50" hits="48" branch="False" />
                <line number="51" hits="48" branch="False" />
              </lines>
            </method>
            <method name="DeepMerge" signature="(System.Collections.Generic.Dictionary`2&lt;System.String,System.Object&gt;,System.Collections.Generic.Dictionary`2&lt;System.String,System.Object&gt;)" line-rate="1" branch-rate="1" complexity="8">
              <lines>
                <line number="60" hits="127" branch="False" />
                <line number="61" hits="127" branch="False" />
                <line number="62" hits="595" branch="True" condition-coverage="100% (2/2)">
                  <conditions>
                    <condition number="132" type="jump" coverage="100%" />
                  </conditions>
                </line>
                <line number="63" hits="107" branch="False" />
                <line number="64" hits="107" branch="True" condition-coverage="100% (6/6)">
                  <conditions>
                    <condition number="55" type="jump" coverage="100%" />
                    <condition number="68" type="jump" coverage="100%" />
                    <condition number="90" type="jump" coverage="100%" />
                  </conditions>
                </line>
                <line number="65" hits="107" branch="False" />
                <line number="66" hits="107" branch="False" />
                <line number="67" hits="5" branch="False" />
                <line number="68" hits="5" branch="False" />
                <line number="69" hits="5" branch="False" />
                <line number="71" hits="102" branch="False" />
                <line number="72" hits="102" branch="False" />
                <line number="73" hits="102" branch="False" />
                <line number="74" hits="107" branch="False" />
                <line number="75" hits="127" branch="False" />
                <line number="76" hits="127" branch="False" />
              </lines>
            </method>
            <method name="ToChainEntry" signature="(Smplkit.Config.Config)" line-rate="1" branch-rate="0.75" complexity="4">
              <lines>
                <line number="84" hits="50" branch="False" />
                <line number="85" hits="50" branch="False" />
                <line number="87" hits="50" branch="False" />
                <line number="88" hits="50" branch="False" />
                <line number="90" hits="170" branch="True" condition-coverage="100% (2/2)">
                  <conditions>
                    <condition number="97" type="jump" coverage="100%" />
                  </conditions>
                </line>
                <line number="91" hits="10" branch="False" />
                <line number="93" hits="10" branch="False" />
                <line number="94" hits="10" branch="False" />
                <line number="96" hits="50" branch="True" condition-coverage="50% (1/2)">
                  <conditions>
                    <condition number="129" type="jump" coverage="50%" />
                  </conditions>
                </line>
                <line number="97" hits="50" branch="False" />
                <line number="98" hits="50" branch="False" />
                <line number="99" hits="50" branch="False" />
                <line number="100" hits="50" branch="False" />
                <line number="101" hits="50" branch="False" />
                <line number="102" hits="50" branch="False" />
              </lines>
            </method>
            <method name="NormalizeDict" signature="(System.Collections.Generic.Dictionary`2&lt;System.String,System.Object&gt;)" line-rate="1" branch-rate="1" complexity="2">
              <lines>
                <line number="107" hits="94" branch="False" />
                <line number="108" hits="94" branch="False" />
                <line number="109" hits="502" branch="True" condition-coverage="100% (2/2)">
                  <conditions>
                    <condition number="71" type="jump" coverage="100%" />
                  </conditions>
                </line>
                <line number="110" hits="110" branch="False" />
                <line number="111" hits="94" branch="False" />
                <line number="112" hits="94" branch="False" />
              </lines>
            </method>
            <method name="Normalize" signature="(System.Object)" line-rate="1" branch-rate="1" complexity="6">
              <lines>
                <line number="117" hits="489" branch="False" />
                <line number="118" hits="489" branch="True" condition-coverage="100% (4/4)">
                  <conditions>
                    <condition number="7" type="jump" coverage="100%" />
                    <condition number="22" type="jump" coverage="100%" />
                  </conditions>
                </line>
                <line number="119" hits="374" branch="False" />
                <line number="120" hits="115" branch="True" condition-coverage="100% (2/2)">
                  <conditions>
                    <condition number="48" type="jump" coverage="100%" />
                  </conditions>
                </line>
                <line number="121" hits="6" branch="False" />
                <line number="122" hits="109" branch="False" />
                <line number="123" hits="489" branch="False" />
              </lines>
            </method>
            <method name="NormalizeJsonElement" signature="(System.Text.Json.JsonElement)" line-rate="1" branch-rate="1" complexity="9">
              <lines>
                <line number="125" hits="429" branch="True" condition-coverage="100% (7/7)">
                  <conditions>
                    <condition number="15" type="switch" coverage="100%" />
                  </conditions>
                </line>
                <line number="126" hits="429" branch="False" />
                <line number="127" hits="23" branch="False" />
                <line number="128" hits="71" branch="False" />
                <line number="129" hits="14" branch="False" />
                <line number="130" hits="51" branch="False" />
                <line number="131" hits="166" branch="True" condition-coverage="100% (2/2)">
                  <conditions>
                    <condition number="207" type="jump" coverage="100%" />
                  </conditions>
                </line>
                <line number="132" hits="81" branch="False" />
                <line number="133" hits="91" branch="False" />
                <line number="134" hits="3" branch="False" />
                <line number="135" hits="429" branch="False" />
              </lines>
            </method>
          </methods>
          <lines>
            <line number="36" hits="48" branch="False" />
            <line number="37" hits="48" branch="False" />
            <line number="40" hits="206" branch="True" condition-coverage="100% (2/2)">
              <conditions>
                <condition number="84" type="jump" coverage="100%" />
              </conditions>
            </line>
            <line number="41" hits="55" branch="False" />
            <line number="42" hits="55" branch="False" />
            <line number="43" hits="55" branch="False" />
            <line number="45" hits="55" branch="False" />
            <line number="47" hits="55" branch="False" />
            <line number="48" hits="55" branch="False" />
            <line number="50" hits="48" branch="False" />
            <line number="51" hits="48" branch="False" />
            <line number="60" hits="127" branch="False" />
            <line number="61" hits="127" branch="False" />
            <line number="62" hits="595" branch="True" condition-coverage="100% (2/2)">
              <conditions>
                <condition number="132" type="jump" coverage="100%" />
              </conditions>
            </line>
            <line number="63" hits="107" branch="False" />
            <line number="64" hits="107" branch="True" condition-coverage="100% (6/6)">
              <conditions>
                <condition number="55" type="jump" coverage="100%" />
                <condition number="68" type="jump" coverage="100%" />
                <condition number="90" type="jump" coverage="100%" />
              </conditions>
            </line>
            <line number="65" hits="107" branch="False" />
            <line number="66" hits="107" branch="False" />
            <line number="67" hits="5" branch="False" />
            <line number="68" hits="5" branch="False" />
            <line number="69" hits="5" branch="False" />
            <line number="71" hits="102" branch="False" />
            <line number="72" hits="102" branch="False" />
            <line number="73" hits="102" branch="False" />
            <line number="74" hits="107" branch="False" />
            <line number="75" hits="127" branch="False" />
            <line number="76" hits="127" branch="False" />
            <line number="84" hits="50" branch="False" />
            <line number="85" hits="50" branch="False" />
            <line number="87" hits="50" branch="False" />
            <line number="88" hits="50" branch="False" />
            <line number="90" hits="170" branch="True" condition-coverage="100% (2/2)">
              <conditions>
                <condition number="97" type="jump" coverage="100%" />
              </conditions>
            </line>
            <line number="91" hits="10" branch="False" />
            <line number="93" hits="10" branch="False" />
            <line number="94" hits="10" branch="False" />
            <line number="96" hits="50" branch="True" condition-coverage="50% (1/2)">
              <conditions>
                <condition number="129" type="jump" coverage="50%" />
              </conditions>
            </line>
            <line number="97" hits="50" branch="False" />
            <line number="98" hits="50" branch="False" />
            <line number="99" hits="50" branch="False" />
            <line number="100" hits="50" branch="False" />
            <line number="101" hits="50" branch="False" />
            <line number="102" hits="50" branch="False" />
            <line number="107" hits="94" branch="False" />
            <line number="108" hits="94" branch="False" />
            <line number="109" hits="502" branch="True" condition-coverage="100% (2/2)">
              <conditions>
                <condition number="71" type="jump" coverage="100%" />
              </conditions>
            </line>
            <line number="110" hits="110" branch="False" />
            <line number="111" hits="94" branch="False" />
            <line number="112" hits="94" branch="False" />
            <line number="117" hits="489" branch="False" />
            <line number="118" hits="489" branch="True" condition-coverage="100% (4/4)">
              <conditions>
                <condition number="7" type="jump" coverage="100%" />
                <condition number="22" type="jump" coverage="100%" />
              </conditions>
            </line>
            <line number="119" hits="374" branch="False" />
            <line number="120" hits="115" branch="True" condition-coverage="100% (2/2)">
              <conditions>
                <condition number="48" type="jump" coverage="100%" />
              </conditions>
            </line>
            <line number="121" hits="6" branch="False" />
            <line number="122" hits="109" branch="False" />
            <line number="123" hits="489" branch="False" />
            <line number="125" hits="429" branch="True" condition-coverage="100% (7/7)">
              <conditions>
                <condition number="15" type="switch" coverage="100%" />
              </conditions>
            </line>
            <line number="126" hits="429" branch="False" />
            <line number="127" hits="23" branch="False" />
            <line number="128" hits="71" branch="False" />
            <line number="129" hits="14" branch="False" />
            <line number="130" hits="51" branch="False" />
            <line number="131" hits="166" branch="True" condition-coverage="100% (2/2)">
              <conditions>
                <condition number="207" type="jump" coverage="100%" />
              </conditions>
            </line>
            <line number="132" hits="81" branch="False" />
            <line number="133" hits="91" branch="False" />
            <line number="134" hits="3" branch="False" />
            <line number="135" hits="429" branch="False" />
          </lines>
        </class>
      </classes>
    </package>
  </packages>
</coverage>